{"C:\\Users\\olari\\OneDrive\\Töölaud\\Billing management platform\\app\\layout.tsx": {"path":"C:\\Users\\olari\\OneDrive\\Töölaud\\Billing management platform\\app\\layout.tsx","statementMap":{"0":{"start":{"line":13,"column":24},"end":{"line":13,"column":35}},"1":{"start":{"line":8,"column":13},"end":{"line":8,"column":21}},"2":{"start":{"line":2,"column":22},"end":{"line":2,"column":null}},"3":{"start":{"line":3,"column":7},"end":{"line":3,"column":null}},"4":{"start":{"line":4,"column":26},"end":{"line":4,"column":null}},"5":{"start":{"line":6,"column":14},"end":{"line":6,"column":null}},"6":{"start":{"line":8,"column":34},"end":{"line":11,"column":null}}},"fnMap":{"0":{"name":"RootLayout","decl":{"start":{"line":13,"column":24},"end":{"line":13,"column":35}},"loc":{"start":{"line":17,"column":1},"end":{"line":25,"column":1}}}},"branchMap":{},"s":{"0":0,"1":0,"2":0,"3":0,"4":0,"5":0,"6":0},"f":{"0":0},"b":{}}
,"C:\\Users\\olari\\OneDrive\\Töölaud\\Billing management platform\\app\\page.tsx": {"path":"C:\\Users\\olari\\OneDrive\\Töölaud\\Billing management platform\\app\\page.tsx","statementMap":{"0":{"start":{"line":3,"column":24},"end":{"line":3,"column":null}},"1":{"start":{"line":1,"column":25},"end":{"line":1,"column":null}},"2":{"start":{"line":4,"column":2},"end":{"line":4,"column":null}}},"fnMap":{"0":{"name":"Home","decl":{"start":{"line":3,"column":24},"end":{"line":3,"column":null}},"loc":{"start":{"line":3,"column":24},"end":{"line":5,"column":null}}}},"branchMap":{},"s":{"0":0,"1":0,"2":0},"f":{"0":0},"b":{}}
,"C:\\Users\\olari\\OneDrive\\Töölaud\\Billing management platform\\app\\providers.tsx": {"path":"C:\\Users\\olari\\OneDrive\\Töölaud\\Billing management platform\\app\\providers.tsx","statementMap":{"0":{"start":{"line":5,"column":16},"end":{"line":5,"column":26}},"1":{"start":{"line":3,"column":32},"end":{"line":3,"column":null}}},"fnMap":{"0":{"name":"Providers","decl":{"start":{"line":5,"column":16},"end":{"line":5,"column":26}},"loc":{"start":{"line":5,"column":69},"end":{"line":7,"column":null}}}},"branchMap":{},"s":{"0":0,"1":0},"f":{"0":0},"b":{}}
,"C:\\Users\\olari\\OneDrive\\Töölaud\\Billing management platform\\app\\api\\admin\\security\\route.ts": {"path":"C:\\Users\\olari\\OneDrive\\Töölaud\\Billing management platform\\app\\api\\admin\\security\\route.ts","statementMap":{"0":{"start":{"line":20,"column":13},"end":{"line":20,"column":16}},"1":{"start":{"line":45,"column":13},"end":{"line":45,"column":17}},"2":{"start":{"line":68,"column":13},"end":{"line":68,"column":16}},"3":{"start":{"line":1,"column":18},"end":{"line":1,"column":null}},"4":{"start":{"line":2,"column":30},"end":{"line":2,"column":null}},"5":{"start":{"line":8,"column":7},"end":{"line":8,"column":null}},"6":{"start":{"line":9,"column":25},"end":{"line":9,"column":null}},"7":{"start":{"line":11,"column":20},"end":{"line":17,"column":null}},"8":{"start":{"line":13,"column":52},"end":{"line":13,"column":null}},"9":{"start":{"line":14,"column":50},"end":{"line":14,"column":null}},"10":{"start":{"line":20,"column":19},"end":{"line":41,"column":null}},"11":{"start":{"line":22,"column":18},"end":{"line":22,"column":null}},"12":{"start":{"line":23,"column":4},"end":{"line":25,"column":null}},"13":{"start":{"line":24,"column":6},"end":{"line":24,"column":null}},"14":{"start":{"line":27,"column":29},"end":{"line":27,"column":null}},"15":{"start":{"line":28,"column":18},"end":{"line":28,"column":null}},"16":{"start":{"line":30,"column":19},"end":{"line":34,"column":null}},"17":{"start":{"line":37,"column":4},"end":{"line":37,"column":null}},"18":{"start":{"line":45,"column":20},"end":{"line":64,"column":null}},"19":{"start":{"line":47,"column":18},"end":{"line":47,"column":null}},"20":{"start":{"line":48,"column":4},"end":{"line":50,"column":null}},"21":{"start":{"line":49,"column":6},"end":{"line":49,"column":null}},"22":{"start":{"line":52,"column":29},"end":{"line":52,"column":null}},"23":{"start":{"line":53,"column":18},"end":{"line":53,"column":null}},"24":{"start":{"line":55,"column":31},"end":{"line":57,"column":null}},"25":{"start":{"line":60,"column":4},"end":{"line":60,"column":null}},"26":{"start":{"line":68,"column":19},"end":{"line":103,"column":null}},"27":{"start":{"line":70,"column":18},"end":{"line":70,"column":null}},"28":{"start":{"line":71,"column":4},"end":{"line":73,"column":null}},"29":{"start":{"line":72,"column":6},"end":{"line":72,"column":null}},"30":{"start":{"line":75,"column":29},"end":{"line":75,"column":null}},"31":{"start":{"line":76,"column":18},"end":{"line":76,"column":null}},"32":{"start":{"line":78,"column":19},"end":{"line":81,"column":null}},"33":{"start":{"line":85,"column":18},"end":{"line":97,"column":null}},"34":{"start":{"line":88,"column":8},"end":{"line":88,"column":null}},"35":{"start":{"line":89,"column":8},"end":{"line":89,"column":null}},"36":{"start":{"line":92,"column":8},"end":{"line":92,"column":null}},"37":{"start":{"line":93,"column":8},"end":{"line":93,"column":null}},"38":{"start":{"line":95,"column":45},"end":{"line":95,"column":60}},"39":{"start":{"line":96,"column":47},"end":{"line":96,"column":59}},"40":{"start":{"line":99,"column":4},"end":{"line":99,"column":null}}},"fnMap":{"0":{"name":"(anonymous_5)","decl":{"start":{"line":13,"column":45},"end":{"line":13,"column":52}},"loc":{"start":{"line":13,"column":52},"end":{"line":13,"column":null}}},"1":{"name":"(anonymous_6)","decl":{"start":{"line":14,"column":43},"end":{"line":14,"column":50}},"loc":{"start":{"line":14,"column":50},"end":{"line":14,"column":null}}},"2":{"name":"(anonymous_7)","decl":{"start":{"line":21,"column":2},"end":{"line":21,"column":9}},"loc":{"start":{"line":21,"column":9},"end":{"line":38,"column":null}}},"3":{"name":"(anonymous_8)","decl":{"start":{"line":46,"column":2},"end":{"line":46,"column":9}},"loc":{"start":{"line":46,"column":9},"end":{"line":61,"column":null}}},"4":{"name":"(anonymous_9)","decl":{"start":{"line":69,"column":2},"end":{"line":69,"column":9}},"loc":{"start":{"line":69,"column":9},"end":{"line":100,"column":null}}},"5":{"name":"(anonymous_10)","decl":{"start":{"line":87,"column":34},"end":{"line":87,"column":35}},"loc":{"start":{"line":87,"column":40},"end":{"line":90,"column":9}}},"6":{"name":"(anonymous_11)","decl":{"start":{"line":91,"column":38},"end":{"line":91,"column":39}},"loc":{"start":{"line":91,"column":44},"end":{"line":94,"column":9}}},"7":{"name":"(anonymous_12)","decl":{"start":{"line":95,"column":36},"end":{"line":95,"column":45}},"loc":{"start":{"line":95,"column":45},"end":{"line":95,"column":60}}},"8":{"name":"(anonymous_13)","decl":{"start":{"line":96,"column":38},"end":{"line":96,"column":47}},"loc":{"start":{"line":96,"column":47},"end":{"line":96,"column":59}}}},"branchMap":{"0":{"loc":{"start":{"line":13,"column":52},"end":{"line":13,"column":null}},"type":"cond-expr","locations":[{"start":{"line":13,"column":58},"end":{"line":13,"column":74}},{"start":{"line":13,"column":74},"end":{"line":13,"column":null}}]},"1":{"loc":{"start":{"line":14,"column":50},"end":{"line":14,"column":null}},"type":"cond-expr","locations":[{"start":{"line":14,"column":56},"end":{"line":14,"column":72}},{"start":{"line":14,"column":72},"end":{"line":14,"column":null}}]},"2":{"loc":{"start":{"line":23,"column":4},"end":{"line":25,"column":null}},"type":"if","locations":[{"start":{"line":23,"column":4},"end":{"line":25,"column":null}}]},"3":{"loc":{"start":{"line":23,"column":8},"end":{"line":23,"column":47}},"type":"binary-expr","locations":[{"start":{"line":23,"column":8},"end":{"line":23,"column":23}},{"start":{"line":23,"column":23},"end":{"line":23,"column":47}}]},"4":{"loc":{"start":{"line":48,"column":4},"end":{"line":50,"column":null}},"type":"if","locations":[{"start":{"line":48,"column":4},"end":{"line":50,"column":null}}]},"5":{"loc":{"start":{"line":48,"column":8},"end":{"line":48,"column":47}},"type":"binary-expr","locations":[{"start":{"line":48,"column":8},"end":{"line":48,"column":23}},{"start":{"line":48,"column":23},"end":{"line":48,"column":47}}]},"6":{"loc":{"start":{"line":71,"column":4},"end":{"line":73,"column":null}},"type":"if","locations":[{"start":{"line":71,"column":4},"end":{"line":73,"column":null}}]},"7":{"loc":{"start":{"line":71,"column":8},"end":{"line":71,"column":47}},"type":"binary-expr","locations":[{"start":{"line":71,"column":8},"end":{"line":71,"column":23}},{"start":{"line":71,"column":23},"end":{"line":71,"column":47}}]},"8":{"loc":{"start":{"line":88,"column":32},"end":{"line":88,"column":61}},"type":"binary-expr","locations":[{"start":{"line":88,"column":32},"end":{"line":88,"column":52}},{"start":{"line":88,"column":56},"end":{"line":88,"column":61}}]},"9":{"loc":{"start":{"line":92,"column":31},"end":{"line":92,"column":59}},"type":"binary-expr","locations":[{"start":{"line":92,"column":31},"end":{"line":92,"column":50}},{"start":{"line":92,"column":54},"end":{"line":92,"column":59}}]}},"s":{"0":0,"1":0,"2":0,"3":0,"4":0,"5":0,"6":0,"7":0,"8":0,"9":0,"10":0,"11":0,"12":0,"13":0,"14":0,"15":0,"16":0,"17":0,"18":0,"19":0,"20":0,"21":0,"22":0,"23":0,"24":0,"25":0,"26":0,"27":0,"28":0,"29":0,"30":0,"31":0,"32":0,"33":0,"34":0,"35":0,"36":0,"37":0,"38":0,"39":0,"40":0},"f":{"0":0,"1":0,"2":0,"3":0,"4":0,"5":0,"6":0,"7":0,"8":0},"b":{"0":[0,0],"1":[0,0],"2":[0],"3":[0,0],"4":[0],"5":[0,0],"6":[0],"7":[0,0],"8":[0,0],"9":[0,0]}}
,"C:\\Users\\olari\\OneDrive\\Töölaud\\Billing management platform\\app\\api\\admin\\security\\reports\\route.ts": {"path":"C:\\Users\\olari\\OneDrive\\Töölaud\\Billing management platform\\app\\api\\admin\\security\\reports\\route.ts","statementMap":{"0":{"start":{"line":8,"column":13},"end":{"line":8,"column":16}},"1":{"start":{"line":24,"column":13},"end":{"line":24,"column":17}},"2":{"start":{"line":40,"column":13},"end":{"line":40,"column":16}},"3":{"start":{"line":1,"column":30},"end":{"line":1,"column":null}},"4":{"start":{"line":3,"column":25},"end":{"line":3,"column":null}},"5":{"start":{"line":4,"column":78},"end":{"line":4,"column":null}},"6":{"start":{"line":5,"column":23},"end":{"line":5,"column":null}},"7":{"start":{"line":8,"column":19},"end":{"line":20,"column":null}},"8":{"start":{"line":10,"column":18},"end":{"line":10,"column":null}},"9":{"start":{"line":11,"column":4},"end":{"line":13,"column":null}},"10":{"start":{"line":12,"column":6},"end":{"line":12,"column":null}},"11":{"start":{"line":15,"column":19},"end":{"line":15,"column":null}},"12":{"start":{"line":16,"column":4},"end":{"line":16,"column":null}},"13":{"start":{"line":24,"column":20},"end":{"line":36,"column":null}},"14":{"start":{"line":26,"column":18},"end":{"line":26,"column":null}},"15":{"start":{"line":27,"column":4},"end":{"line":29,"column":null}},"16":{"start":{"line":28,"column":6},"end":{"line":28,"column":null}},"17":{"start":{"line":31,"column":19},"end":{"line":31,"column":null}},"18":{"start":{"line":32,"column":4},"end":{"line":32,"column":null}},"19":{"start":{"line":40,"column":19},"end":{"line":67,"column":null}},"20":{"start":{"line":42,"column":18},"end":{"line":42,"column":null}},"21":{"start":{"line":43,"column":4},"end":{"line":45,"column":null}},"22":{"start":{"line":44,"column":6},"end":{"line":44,"column":null}},"23":{"start":{"line":47,"column":21},"end":{"line":47,"column":null}},"24":{"start":{"line":48,"column":4},"end":{"line":50,"column":null}},"25":{"start":{"line":49,"column":6},"end":{"line":49,"column":null}},"26":{"start":{"line":52,"column":19},"end":{"line":52,"column":null}},"27":{"start":{"line":55,"column":19},"end":{"line":58,"column":null}},"28":{"start":{"line":60,"column":23},"end":{"line":60,"column":null}},"29":{"start":{"line":60,"column":43},"end":{"line":60,"column":54}},"30":{"start":{"line":61,"column":4},"end":{"line":61,"column":null}},"31":{"start":{"line":63,"column":4},"end":{"line":63,"column":null}}},"fnMap":{"0":{"name":"(anonymous_5)","decl":{"start":{"line":9,"column":2},"end":{"line":9,"column":9}},"loc":{"start":{"line":9,"column":9},"end":{"line":17,"column":null}}},"1":{"name":"(anonymous_6)","decl":{"start":{"line":25,"column":2},"end":{"line":25,"column":9}},"loc":{"start":{"line":25,"column":9},"end":{"line":33,"column":null}}},"2":{"name":"(anonymous_7)","decl":{"start":{"line":41,"column":2},"end":{"line":41,"column":9}},"loc":{"start":{"line":41,"column":9},"end":{"line":64,"column":null}}},"3":{"name":"(anonymous_8)","decl":{"start":{"line":60,"column":34},"end":{"line":60,"column":43}},"loc":{"start":{"line":60,"column":43},"end":{"line":60,"column":54}}}},"branchMap":{"0":{"loc":{"start":{"line":11,"column":4},"end":{"line":13,"column":null}},"type":"if","locations":[{"start":{"line":11,"column":4},"end":{"line":13,"column":null}}]},"1":{"loc":{"start":{"line":11,"column":8},"end":{"line":11,"column":47}},"type":"binary-expr","locations":[{"start":{"line":11,"column":8},"end":{"line":11,"column":23}},{"start":{"line":11,"column":23},"end":{"line":11,"column":47}}]},"2":{"loc":{"start":{"line":27,"column":4},"end":{"line":29,"column":null}},"type":"if","locations":[{"start":{"line":27,"column":4},"end":{"line":29,"column":null}}]},"3":{"loc":{"start":{"line":27,"column":8},"end":{"line":27,"column":47}},"type":"binary-expr","locations":[{"start":{"line":27,"column":8},"end":{"line":27,"column":23}},{"start":{"line":27,"column":23},"end":{"line":27,"column":47}}]},"4":{"loc":{"start":{"line":43,"column":4},"end":{"line":45,"column":null}},"type":"if","locations":[{"start":{"line":43,"column":4},"end":{"line":45,"column":null}}]},"5":{"loc":{"start":{"line":43,"column":8},"end":{"line":43,"column":47}},"type":"binary-expr","locations":[{"start":{"line":43,"column":8},"end":{"line":43,"column":23}},{"start":{"line":43,"column":23},"end":{"line":43,"column":47}}]},"6":{"loc":{"start":{"line":48,"column":4},"end":{"line":50,"column":null}},"type":"if","locations":[{"start":{"line":48,"column":4},"end":{"line":50,"column":null}}]},"7":{"loc":{"start":{"line":52,"column":19},"end":{"line":52,"column":null}},"type":"cond-expr","locations":[{"start":{"line":52,"column":38},"end":{"line":52,"column":68}},{"start":{"line":52,"column":68},"end":{"line":52,"column":null}}]}},"s":{"0":0,"1":0,"2":0,"3":0,"4":0,"5":0,"6":0,"7":0,"8":0,"9":0,"10":0,"11":0,"12":0,"13":0,"14":0,"15":0,"16":0,"17":0,"18":0,"19":0,"20":0,"21":0,"22":0,"23":0,"24":0,"25":0,"26":0,"27":0,"28":0,"29":0,"30":0,"31":0},"f":{"0":0,"1":0,"2":0,"3":0},"b":{"0":[0],"1":[0,0],"2":[0],"3":[0,0],"4":[0],"5":[0,0],"6":[0],"7":[0,0]}}
,"C:\\Users\\olari\\OneDrive\\Töölaud\\Billing management platform\\app\\api\\auth\\2fa\\route.ts": {"path":"C:\\Users\\olari\\OneDrive\\Töölaud\\Billing management platform\\app\\api\\auth\\2fa\\route.ts","statementMap":{"0":{"start":{"line":108,"column":13},"end":{"line":108,"column":19}},"1":{"start":{"line":22,"column":13},"end":{"line":22,"column":16}},"2":{"start":{"line":88,"column":13},"end":{"line":88,"column":18}},"3":{"start":{"line":38,"column":13},"end":{"line":38,"column":17}},"4":{"start":{"line":68,"column":13},"end":{"line":68,"column":16}},"5":{"start":{"line":1,"column":18},"end":{"line":1,"column":null}},"6":{"start":{"line":2,"column":30},"end":{"line":2,"column":null}},"7":{"start":{"line":10,"column":7},"end":{"line":10,"column":null}},"8":{"start":{"line":11,"column":25},"end":{"line":11,"column":null}},"9":{"start":{"line":13,"column":26},"end":{"line":15,"column":null}},"10":{"start":{"line":17,"column":25},"end":{"line":19,"column":null}},"11":{"start":{"line":22,"column":19},"end":{"line":34,"column":null}},"12":{"start":{"line":24,"column":18},"end":{"line":24,"column":null}},"13":{"start":{"line":25,"column":4},"end":{"line":27,"column":null}},"14":{"start":{"line":26,"column":6},"end":{"line":26,"column":null}},"15":{"start":{"line":29,"column":19},"end":{"line":29,"column":null}},"16":{"start":{"line":30,"column":4},"end":{"line":30,"column":null}},"17":{"start":{"line":38,"column":20},"end":{"line":64,"column":null}},"18":{"start":{"line":40,"column":18},"end":{"line":40,"column":null}},"19":{"start":{"line":41,"column":4},"end":{"line":43,"column":null}},"20":{"start":{"line":42,"column":6},"end":{"line":42,"column":null}},"21":{"start":{"line":45,"column":17},"end":{"line":45,"column":null}},"22":{"start":{"line":46,"column":41},"end":{"line":46,"column":null}},"23":{"start":{"line":48,"column":20},"end":{"line":48,"column":null}},"24":{"start":{"line":49,"column":4},"end":{"line":51,"column":null}},"25":{"start":{"line":50,"column":6},"end":{"line":50,"column":null}},"26":{"start":{"line":54,"column":24},"end":{"line":54,"column":null}},"27":{"start":{"line":56,"column":4},"end":{"line":59,"column":null}},"28":{"start":{"line":68,"column":19},"end":{"line":84,"column":null}},"29":{"start":{"line":70,"column":18},"end":{"line":70,"column":null}},"30":{"start":{"line":71,"column":4},"end":{"line":73,"column":null}},"31":{"start":{"line":72,"column":6},"end":{"line":72,"column":null}},"32":{"start":{"line":75,"column":17},"end":{"line":75,"column":null}},"33":{"start":{"line":76,"column":41},"end":{"line":76,"column":null}},"34":{"start":{"line":78,"column":20},"end":{"line":78,"column":null}},"35":{"start":{"line":79,"column":4},"end":{"line":79,"column":null}},"36":{"start":{"line":88,"column":21},"end":{"line":104,"column":null}},"37":{"start":{"line":90,"column":18},"end":{"line":90,"column":null}},"38":{"start":{"line":91,"column":4},"end":{"line":93,"column":null}},"39":{"start":{"line":92,"column":6},"end":{"line":92,"column":null}},"40":{"start":{"line":95,"column":17},"end":{"line":95,"column":null}},"41":{"start":{"line":96,"column":21},"end":{"line":96,"column":null}},"42":{"start":{"line":98,"column":20},"end":{"line":98,"column":null}},"43":{"start":{"line":99,"column":4},"end":{"line":99,"column":null}},"44":{"start":{"line":108,"column":22},"end":{"line":120,"column":null}},"45":{"start":{"line":110,"column":18},"end":{"line":110,"column":null}},"46":{"start":{"line":111,"column":4},"end":{"line":113,"column":null}},"47":{"start":{"line":112,"column":6},"end":{"line":112,"column":null}},"48":{"start":{"line":115,"column":4},"end":{"line":115,"column":null}},"49":{"start":{"line":116,"column":4},"end":{"line":116,"column":null}}},"fnMap":{"0":{"name":"(anonymous_7)","decl":{"start":{"line":23,"column":2},"end":{"line":23,"column":9}},"loc":{"start":{"line":23,"column":9},"end":{"line":31,"column":null}}},"1":{"name":"(anonymous_8)","decl":{"start":{"line":39,"column":2},"end":{"line":39,"column":9}},"loc":{"start":{"line":39,"column":9},"end":{"line":60,"column":null}}},"2":{"name":"(anonymous_9)","decl":{"start":{"line":69,"column":2},"end":{"line":69,"column":9}},"loc":{"start":{"line":69,"column":9},"end":{"line":80,"column":null}}},"3":{"name":"(anonymous_10)","decl":{"start":{"line":89,"column":2},"end":{"line":89,"column":9}},"loc":{"start":{"line":89,"column":9},"end":{"line":100,"column":null}}},"4":{"name":"(anonymous_11)","decl":{"start":{"line":109,"column":2},"end":{"line":109,"column":9}},"loc":{"start":{"line":109,"column":9},"end":{"line":117,"column":null}}}},"branchMap":{"0":{"loc":{"start":{"line":25,"column":4},"end":{"line":27,"column":null}},"type":"if","locations":[{"start":{"line":25,"column":4},"end":{"line":27,"column":null}}]},"1":{"loc":{"start":{"line":41,"column":4},"end":{"line":43,"column":null}},"type":"if","locations":[{"start":{"line":41,"column":4},"end":{"line":43,"column":null}}]},"2":{"loc":{"start":{"line":49,"column":4},"end":{"line":51,"column":null}},"type":"if","locations":[{"start":{"line":49,"column":4},"end":{"line":51,"column":null}}]},"3":{"loc":{"start":{"line":71,"column":4},"end":{"line":73,"column":null}},"type":"if","locations":[{"start":{"line":71,"column":4},"end":{"line":73,"column":null}}]},"4":{"loc":{"start":{"line":91,"column":4},"end":{"line":93,"column":null}},"type":"if","locations":[{"start":{"line":91,"column":4},"end":{"line":93,"column":null}}]},"5":{"loc":{"start":{"line":111,"column":4},"end":{"line":113,"column":null}},"type":"if","locations":[{"start":{"line":111,"column":4},"end":{"line":113,"column":null}}]}},"s":{"0":0,"1":0,"2":0,"3":0,"4":0,"5":0,"6":0,"7":0,"8":0,"9":0,"10":0,"11":0,"12":0,"13":0,"14":0,"15":0,"16":0,"17":0,"18":0,"19":0,"20":0,"21":0,"22":0,"23":0,"24":0,"25":0,"26":0,"27":0,"28":0,"29":0,"30":0,"31":0,"32":0,"33":0,"34":0,"35":0,"36":0,"37":0,"38":0,"39":0,"40":0,"41":0,"42":0,"43":0,"44":0,"45":0,"46":0,"47":0,"48":0,"49":0},"f":{"0":0,"1":0,"2":0,"3":0,"4":0},"b":{"0":[0],"1":[0],"2":[0],"3":[0],"4":[0],"5":[0]}}
,"C:\\Users\\olari\\OneDrive\\Töölaud\\Billing management platform\\app\\api\\auth\\[...nextauth]\\route.ts": {"path":"C:\\Users\\olari\\OneDrive\\Töölaud\\Billing management platform\\app\\api\\auth\\[...nextauth]\\route.ts","statementMap":{"0":{"start":{"line":75,"column":9},"end":{"line":75,"column":20}},"1":{"start":{"line":75,"column":25},"end":{"line":75,"column":36}},"2":{"start":{"line":1,"column":21},"end":{"line":1,"column":null}},"3":{"start":{"line":2,"column":27},"end":{"line":2,"column":null}},"4":{"start":{"line":3,"column":32},"end":{"line":3,"column":null}},"5":{"start":{"line":4,"column":30},"end":{"line":4,"column":null}},"6":{"start":{"line":5,"column":29},"end":{"line":5,"column":null}},"7":{"start":{"line":6,"column":19},"end":{"line":6,"column":null}},"8":{"start":{"line":8,"column":15},"end":{"line":8,"column":null}},"9":{"start":{"line":10,"column":16},"end":{"line":73,"column":null}},"10":{"start":{"line":24,"column":8},"end":{"line":26,"column":null}},"11":{"start":{"line":25,"column":10},"end":{"line":25,"column":null}},"12":{"start":{"line":28,"column":21},"end":{"line":32,"column":null}},"13":{"start":{"line":34,"column":8},"end":{"line":36,"column":null}},"14":{"start":{"line":35,"column":10},"end":{"line":35,"column":null}},"15":{"start":{"line":38,"column":34},"end":{"line":40,"column":null}},"16":{"start":{"line":43,"column":8},"end":{"line":45,"column":null}},"17":{"start":{"line":44,"column":10},"end":{"line":44,"column":null}},"18":{"start":{"line":47,"column":8},"end":{"line":47,"column":null}},"19":{"start":{"line":61,"column":6},"end":{"line":63,"column":null}},"20":{"start":{"line":62,"column":8},"end":{"line":62,"column":null}},"21":{"start":{"line":64,"column":6},"end":{"line":64,"column":null}},"22":{"start":{"line":67,"column":6},"end":{"line":69,"column":null}},"23":{"start":{"line":68,"column":8},"end":{"line":68,"column":null}},"24":{"start":{"line":70,"column":6},"end":{"line":70,"column":null}}},"fnMap":{"0":{"name":"(anonymous_4)","decl":{"start":{"line":23,"column":6},"end":{"line":23,"column":12}},"loc":{"start":{"line":23,"column":33},"end":{"line":48,"column":null}}},"1":{"name":"(anonymous_5)","decl":{"start":{"line":60,"column":4},"end":{"line":60,"column":10}},"loc":{"start":{"line":60,"column":29},"end":{"line":65,"column":null}}},"2":{"name":"(anonymous_6)","decl":{"start":{"line":66,"column":4},"end":{"line":66,"column":10}},"loc":{"start":{"line":66,"column":36},"end":{"line":71,"column":null}}}},"branchMap":{"0":{"loc":{"start":{"line":24,"column":8},"end":{"line":26,"column":null}},"type":"if","locations":[{"start":{"line":24,"column":8},"end":{"line":26,"column":null}}]},"1":{"loc":{"start":{"line":24,"column":12},"end":{"line":24,"column":59}},"type":"binary-expr","locations":[{"start":{"line":24,"column":12},"end":{"line":24,"column":35}},{"start":{"line":24,"column":35},"end":{"line":24,"column":59}}]},"2":{"loc":{"start":{"line":34,"column":8},"end":{"line":36,"column":null}},"type":"if","locations":[{"start":{"line":34,"column":8},"end":{"line":36,"column":null}}]},"3":{"loc":{"start":{"line":34,"column":12},"end":{"line":34,"column":44}},"type":"binary-expr","locations":[{"start":{"line":34,"column":12},"end":{"line":34,"column":21}},{"start":{"line":34,"column":21},"end":{"line":34,"column":44}}]},"4":{"loc":{"start":{"line":43,"column":8},"end":{"line":45,"column":null}},"type":"if","locations":[{"start":{"line":43,"column":8},"end":{"line":45,"column":null}}]},"5":{"loc":{"start":{"line":61,"column":6},"end":{"line":63,"column":null}},"type":"if","locations":[{"start":{"line":61,"column":6},"end":{"line":63,"column":null}}]},"6":{"loc":{"start":{"line":67,"column":6},"end":{"line":69,"column":null}},"type":"if","locations":[{"start":{"line":67,"column":6},"end":{"line":69,"column":null}}]}},"s":{"0":0,"1":0,"2":0,"3":0,"4":0,"5":0,"6":0,"7":0,"8":0,"9":0,"10":0,"11":0,"12":0,"13":0,"14":0,"15":0,"16":0,"17":0,"18":0,"19":0,"20":0,"21":0,"22":0,"23":0,"24":0},"f":{"0":0,"1":0,"2":0},"b":{"0":[0],"1":[0,0],"2":[0],"3":[0,0],"4":[0],"5":[0],"6":[0]}}
,"C:\\Users\\olari\\OneDrive\\Töölaud\\Billing management platform\\app\\api\\auth\\me\\route.ts": {"path":"C:\\Users\\olari\\OneDrive\\Töölaud\\Billing management platform\\app\\api\\auth\\me\\route.ts","statementMap":{"0":{"start":{"line":5,"column":22},"end":{"line":5,"column":null}},"1":{"start":{"line":2,"column":33},"end":{"line":2,"column":null}},"2":{"start":{"line":3,"column":28},"end":{"line":3,"column":null}},"3":{"start":{"line":6,"column":2},"end":{"line":17,"column":null}},"4":{"start":{"line":7,"column":20},"end":{"line":7,"column":null}},"5":{"start":{"line":9,"column":4},"end":{"line":11,"column":null}},"6":{"start":{"line":10,"column":6},"end":{"line":10,"column":null}},"7":{"start":{"line":13,"column":4},"end":{"line":13,"column":null}},"8":{"start":{"line":15,"column":4},"end":{"line":15,"column":null}},"9":{"start":{"line":16,"column":4},"end":{"line":16,"column":null}}},"fnMap":{"0":{"name":"GET","decl":{"start":{"line":5,"column":22},"end":{"line":5,"column":null}},"loc":{"start":{"line":5,"column":22},"end":{"line":18,"column":null}}}},"branchMap":{"0":{"loc":{"start":{"line":9,"column":4},"end":{"line":11,"column":null}},"type":"if","locations":[{"start":{"line":9,"column":4},"end":{"line":11,"column":null}}]}},"s":{"0":0,"1":0,"2":0,"3":0,"4":0,"5":0,"6":0,"7":0,"8":0,"9":0},"f":{"0":0},"b":{"0":[0]}}
,"C:\\Users\\olari\\OneDrive\\Töölaud\\Billing management platform\\app\\api\\auth\\password\\route.ts": {"path":"C:\\Users\\olari\\OneDrive\\Töölaud\\Billing management platform\\app\\api\\auth\\password\\route.ts","statementMap":{"0":{"start":{"line":85,"column":13},"end":{"line":85,"column":18}},"1":{"start":{"line":30,"column":13},"end":{"line":30,"column":17}},"2":{"start":{"line":55,"column":13},"end":{"line":55,"column":16}},"3":{"start":{"line":1,"column":18},"end":{"line":1,"column":null}},"4":{"start":{"line":2,"column":30},"end":{"line":2,"column":null}},"5":{"start":{"line":10,"column":7},"end":{"line":10,"column":null}},"6":{"start":{"line":12,"column":25},"end":{"line":12,"column":null}},"7":{"start":{"line":13,"column":39},"end":{"line":13,"column":null}},"8":{"start":{"line":15,"column":29},"end":{"line":18,"column":null}},"9":{"start":{"line":20,"column":28},"end":{"line":22,"column":null}},"10":{"start":{"line":24,"column":27},"end":{"line":27,"column":null}},"11":{"start":{"line":30,"column":20},"end":{"line":51,"column":null}},"12":{"start":{"line":32,"column":18},"end":{"line":32,"column":null}},"13":{"start":{"line":33,"column":4},"end":{"line":35,"column":null}},"14":{"start":{"line":34,"column":6},"end":{"line":34,"column":null}},"15":{"start":{"line":37,"column":17},"end":{"line":37,"column":null}},"16":{"start":{"line":38,"column":45},"end":{"line":38,"column":null}},"17":{"start":{"line":41,"column":4},"end":{"line":41,"column":null}},"18":{"start":{"line":44,"column":4},"end":{"line":44,"column":null}},"19":{"start":{"line":46,"column":4},"end":{"line":46,"column":null}},"20":{"start":{"line":55,"column":19},"end":{"line":81,"column":null}},"21":{"start":{"line":57,"column":17},"end":{"line":57,"column":null}},"22":{"start":{"line":58,"column":22},"end":{"line":58,"column":null}},"23":{"start":{"line":61,"column":17},"end":{"line":63,"column":null}},"24":{"start":{"line":65,"column":4},"end":{"line":68,"column":null}},"25":{"start":{"line":67,"column":6},"end":{"line":67,"column":null}},"26":{"start":{"line":71,"column":23},"end":{"line":71,"column":null}},"27":{"start":{"line":74,"column":4},"end":{"line":74,"column":null}},"28":{"start":{"line":76,"column":4},"end":{"line":76,"column":null}},"29":{"start":{"line":85,"column":21},"end":{"line":119,"column":null}},"30":{"start":{"line":87,"column":17},"end":{"line":87,"column":null}},"31":{"start":{"line":88,"column":35},"end":{"line":88,"column":null}},"32":{"start":{"line":91,"column":17},"end":{"line":95,"column":null}},"33":{"start":{"line":97,"column":4},"end":{"line":99,"column":null}},"34":{"start":{"line":98,"column":6},"end":{"line":98,"column":null}},"35":{"start":{"line":102,"column":20},"end":{"line":102,"column":null}},"36":{"start":{"line":103,"column":4},"end":{"line":105,"column":null}},"37":{"start":{"line":104,"column":6},"end":{"line":104,"column":null}},"38":{"start":{"line":108,"column":4},"end":{"line":108,"column":null}},"39":{"start":{"line":109,"column":4},"end":{"line":109,"column":null}},"40":{"start":{"line":112,"column":4},"end":{"line":112,"column":null}},"41":{"start":{"line":114,"column":4},"end":{"line":114,"column":null}}},"fnMap":{"0":{"name":"(anonymous_5)","decl":{"start":{"line":31,"column":2},"end":{"line":31,"column":9}},"loc":{"start":{"line":31,"column":9},"end":{"line":47,"column":null}}},"1":{"name":"(anonymous_6)","decl":{"start":{"line":56,"column":2},"end":{"line":56,"column":9}},"loc":{"start":{"line":56,"column":9},"end":{"line":77,"column":null}}},"2":{"name":"(anonymous_7)","decl":{"start":{"line":86,"column":2},"end":{"line":86,"column":9}},"loc":{"start":{"line":86,"column":9},"end":{"line":115,"column":null}}}},"branchMap":{"0":{"loc":{"start":{"line":33,"column":4},"end":{"line":35,"column":null}},"type":"if","locations":[{"start":{"line":33,"column":4},"end":{"line":35,"column":null}}]},"1":{"loc":{"start":{"line":65,"column":4},"end":{"line":68,"column":null}},"type":"if","locations":[{"start":{"line":65,"column":4},"end":{"line":68,"column":null}}]},"2":{"loc":{"start":{"line":97,"column":4},"end":{"line":99,"column":null}},"type":"if","locations":[{"start":{"line":97,"column":4},"end":{"line":99,"column":null}}]},"3":{"loc":{"start":{"line":103,"column":4},"end":{"line":105,"column":null}},"type":"if","locations":[{"start":{"line":103,"column":4},"end":{"line":105,"column":null}}]}},"s":{"0":0,"1":0,"2":0,"3":0,"4":0,"5":0,"6":0,"7":0,"8":0,"9":0,"10":0,"11":0,"12":0,"13":0,"14":0,"15":0,"16":0,"17":0,"18":0,"19":0,"20":0,"21":0,"22":0,"23":0,"24":0,"25":0,"26":0,"27":0,"28":0,"29":0,"30":0,"31":0,"32":0,"33":0,"34":0,"35":0,"36":0,"37":0,"38":0,"39":0,"40":0,"41":0},"f":{"0":0,"1":0,"2":0},"b":{"0":[0],"1":[0],"2":[0],"3":[0]}}
,"C:\\Users\\olari\\OneDrive\\Töölaud\\Billing management platform\\app\\api\\auth\\sessions\\route.ts": {"path":"C:\\Users\\olari\\OneDrive\\Töölaud\\Billing management platform\\app\\api\\auth\\sessions\\route.ts","statementMap":{"0":{"start":{"line":27,"column":13},"end":{"line":27,"column":19}},"1":{"start":{"line":11,"column":13},"end":{"line":11,"column":16}},"2":{"start":{"line":45,"column":13},"end":{"line":45,"column":17}},"3":{"start":{"line":1,"column":30},"end":{"line":1,"column":null}},"4":{"start":{"line":7,"column":7},"end":{"line":7,"column":null}},"5":{"start":{"line":8,"column":25},"end":{"line":8,"column":null}},"6":{"start":{"line":11,"column":19},"end":{"line":23,"column":null}},"7":{"start":{"line":13,"column":18},"end":{"line":13,"column":null}},"8":{"start":{"line":14,"column":4},"end":{"line":16,"column":null}},"9":{"start":{"line":15,"column":6},"end":{"line":15,"column":null}},"10":{"start":{"line":18,"column":21},"end":{"line":18,"column":null}},"11":{"start":{"line":19,"column":4},"end":{"line":19,"column":null}},"12":{"start":{"line":27,"column":22},"end":{"line":41,"column":null}},"13":{"start":{"line":29,"column":18},"end":{"line":29,"column":null}},"14":{"start":{"line":30,"column":4},"end":{"line":32,"column":null}},"15":{"start":{"line":31,"column":6},"end":{"line":31,"column":null}},"16":{"start":{"line":34,"column":22},"end":{"line":34,"column":31}},"17":{"start":{"line":35,"column":4},"end":{"line":35,"column":null}},"18":{"start":{"line":37,"column":4},"end":{"line":37,"column":null}},"19":{"start":{"line":45,"column":20},"end":{"line":58,"column":null}},"20":{"start":{"line":47,"column":18},"end":{"line":47,"column":null}},"21":{"start":{"line":48,"column":4},"end":{"line":50,"column":null}},"22":{"start":{"line":49,"column":6},"end":{"line":49,"column":null}},"23":{"start":{"line":52,"column":4},"end":{"line":52,"column":null}},"24":{"start":{"line":54,"column":4},"end":{"line":54,"column":null}}},"fnMap":{"0":{"name":"(anonymous_5)","decl":{"start":{"line":12,"column":2},"end":{"line":12,"column":9}},"loc":{"start":{"line":12,"column":9},"end":{"line":20,"column":null}}},"1":{"name":"(anonymous_6)","decl":{"start":{"line":28,"column":2},"end":{"line":28,"column":9}},"loc":{"start":{"line":28,"column":14},"end":{"line":38,"column":null}}},"2":{"name":"(anonymous_7)","decl":{"start":{"line":46,"column":2},"end":{"line":46,"column":9}},"loc":{"start":{"line":46,"column":9},"end":{"line":55,"column":null}}}},"branchMap":{"0":{"loc":{"start":{"line":14,"column":4},"end":{"line":16,"column":null}},"type":"if","locations":[{"start":{"line":14,"column":4},"end":{"line":16,"column":null}}]},"1":{"loc":{"start":{"line":30,"column":4},"end":{"line":32,"column":null}},"type":"if","locations":[{"start":{"line":30,"column":4},"end":{"line":32,"column":null}}]},"2":{"loc":{"start":{"line":48,"column":4},"end":{"line":50,"column":null}},"type":"if","locations":[{"start":{"line":48,"column":4},"end":{"line":50,"column":null}}]}},"s":{"0":0,"1":0,"2":0,"3":0,"4":0,"5":0,"6":0,"7":0,"8":0,"9":0,"10":0,"11":0,"12":0,"13":0,"14":0,"15":0,"16":0,"17":0,"18":0,"19":0,"20":0,"21":0,"22":0,"23":0,"24":0},"f":{"0":0,"1":0,"2":0},"b":{"0":[0],"1":[0],"2":[0]}}
,"C:\\Users\\olari\\OneDrive\\Töölaud\\Billing management platform\\app\\api\\dashboard\\admin\\stats\\route.ts": {"path":"C:\\Users\\olari\\OneDrive\\Töölaud\\Billing management platform\\app\\api\\dashboard\\admin\\stats\\route.ts","statementMap":{"0":{"start":{"line":10,"column":22},"end":{"line":10,"column":26}},"1":{"start":{"line":2,"column":33},"end":{"line":2,"column":null}},"2":{"start":{"line":3,"column":23},"end":{"line":3,"column":null}},"3":{"start":{"line":4,"column":19},"end":{"line":4,"column":null}},"4":{"start":{"line":6,"column":15},"end":{"line":8,"column":null}},"5":{"start":{"line":11,"column":2},"end":{"line":69,"column":null}},"6":{"start":{"line":12,"column":20},"end":{"line":12,"column":null}},"7":{"start":{"line":13,"column":4},"end":{"line":15,"column":null}},"8":{"start":{"line":14,"column":6},"end":{"line":14,"column":null}},"9":{"start":{"line":17,"column":17},"end":{"line":19,"column":null}},"10":{"start":{"line":21,"column":4},"end":{"line":23,"column":null}},"11":{"start":{"line":22,"column":6},"end":{"line":22,"column":null}},"12":{"start":{"line":26,"column":23},"end":{"line":26,"column":null}},"13":{"start":{"line":29,"column":32},"end":{"line":33,"column":null}},"14":{"start":{"line":36,"column":20},"end":{"line":36,"column":null}},"15":{"start":{"line":37,"column":25},"end":{"line":37,"column":60}},"16":{"start":{"line":40,"column":22},"end":{"line":40,"column":null}},"17":{"start":{"line":41,"column":4},"end":{"line":41,"column":null}},"18":{"start":{"line":43,"column":38},"end":{"line":49,"column":null}},"19":{"start":{"line":51,"column":26},"end":{"line":53,"column":null}},"20":{"start":{"line":55,"column":4},"end":{"line":62,"column":null}},"21":{"start":{"line":64,"column":4},"end":{"line":64,"column":null}},"22":{"start":{"line":65,"column":4},"end":{"line":67,"column":null}}},"fnMap":{"0":{"name":"GET","decl":{"start":{"line":10,"column":22},"end":{"line":10,"column":26}},"loc":{"start":{"line":10,"column":38},"end":{"line":70,"column":null}}}},"branchMap":{"0":{"loc":{"start":{"line":13,"column":4},"end":{"line":15,"column":null}},"type":"if","locations":[{"start":{"line":13,"column":4},"end":{"line":15,"column":null}}]},"1":{"loc":{"start":{"line":21,"column":4},"end":{"line":23,"column":null}},"type":"if","locations":[{"start":{"line":21,"column":4},"end":{"line":23,"column":null}}]},"2":{"loc":{"start":{"line":21,"column":8},"end":{"line":21,"column":40}},"type":"binary-expr","locations":[{"start":{"line":21,"column":8},"end":{"line":21,"column":17}},{"start":{"line":21,"column":17},"end":{"line":21,"column":40}}]},"3":{"loc":{"start":{"line":51,"column":26},"end":{"line":53,"column":null}},"type":"cond-expr","locations":[{"start":{"line":52,"column":8},"end":{"line":52,"column":null}},{"start":{"line":53,"column":8},"end":{"line":53,"column":null}}]}},"s":{"0":0,"1":0,"2":0,"3":0,"4":0,"5":0,"6":0,"7":0,"8":0,"9":0,"10":0,"11":0,"12":0,"13":0,"14":0,"15":0,"16":0,"17":0,"18":0,"19":0,"20":0,"21":0,"22":0},"f":{"0":0},"b":{"0":[0],"1":[0],"2":[0,0],"3":[0,0]}}
,"C:\\Users\\olari\\OneDrive\\Töölaud\\Billing management platform\\app\\api\\dashboard\\stats\\route.ts": {"path":"C:\\Users\\olari\\OneDrive\\Töölaud\\Billing management platform\\app\\api\\dashboard\\stats\\route.ts","statementMap":{"0":{"start":{"line":5,"column":22},"end":{"line":5,"column":26}},"1":{"start":{"line":2,"column":33},"end":{"line":2,"column":null}},"2":{"start":{"line":3,"column":23},"end":{"line":3,"column":null}},"3":{"start":{"line":6,"column":2},"end":{"line":36,"column":null}},"4":{"start":{"line":7,"column":20},"end":{"line":7,"column":null}},"5":{"start":{"line":8,"column":4},"end":{"line":10,"column":null}},"6":{"start":{"line":9,"column":6},"end":{"line":9,"column":null}},"7":{"start":{"line":12,"column":17},"end":{"line":17,"column":null}},"8":{"start":{"line":19,"column":4},"end":{"line":21,"column":null}},"9":{"start":{"line":20,"column":6},"end":{"line":20,"column":null}},"10":{"start":{"line":23,"column":4},"end":{"line":29,"column":null}},"11":{"start":{"line":31,"column":4},"end":{"line":31,"column":null}},"12":{"start":{"line":32,"column":4},"end":{"line":34,"column":null}}},"fnMap":{"0":{"name":"GET","decl":{"start":{"line":5,"column":22},"end":{"line":5,"column":26}},"loc":{"start":{"line":5,"column":38},"end":{"line":37,"column":null}}}},"branchMap":{"0":{"loc":{"start":{"line":8,"column":4},"end":{"line":10,"column":null}},"type":"if","locations":[{"start":{"line":8,"column":4},"end":{"line":10,"column":null}}]},"1":{"loc":{"start":{"line":19,"column":4},"end":{"line":21,"column":null}},"type":"if","locations":[{"start":{"line":19,"column":4},"end":{"line":21,"column":null}}]},"2":{"loc":{"start":{"line":24,"column":20},"end":{"line":28,"column":null}},"type":"cond-expr","locations":[{"start":{"line":24,"column":40},"end":{"line":28,"column":10}},{"start":{"line":28,"column":10},"end":{"line":28,"column":null}}]}},"s":{"0":0,"1":0,"2":0,"3":0,"4":0,"5":0,"6":0,"7":0,"8":0,"9":0,"10":0,"11":0,"12":0},"f":{"0":0},"b":{"0":[0],"1":[0],"2":[0,0]}}
,"C:\\Users\\olari\\OneDrive\\Töölaud\\Billing management platform\\app\\api\\notifications\\route.ts": {"path":"C:\\Users\\olari\\OneDrive\\Töölaud\\Billing management platform\\app\\api\\notifications\\route.ts","statementMap":{"0":{"start":{"line":6,"column":22},"end":{"line":6,"column":null}},"1":{"start":{"line":2,"column":33},"end":{"line":2,"column":null}},"2":{"start":{"line":3,"column":28},"end":{"line":3,"column":null}},"3":{"start":{"line":4,"column":23},"end":{"line":4,"column":null}},"4":{"start":{"line":7,"column":2},"end":{"line":31,"column":null}},"5":{"start":{"line":8,"column":20},"end":{"line":8,"column":null}},"6":{"start":{"line":10,"column":4},"end":{"line":12,"column":null}},"7":{"start":{"line":11,"column":6},"end":{"line":11,"column":null}},"8":{"start":{"line":14,"column":26},"end":{"line":22,"column":null}},"9":{"start":{"line":24,"column":4},"end":{"line":24,"column":null}},"10":{"start":{"line":26,"column":4},"end":{"line":26,"column":null}},"11":{"start":{"line":27,"column":4},"end":{"line":29,"column":null}}},"fnMap":{"0":{"name":"GET","decl":{"start":{"line":6,"column":22},"end":{"line":6,"column":null}},"loc":{"start":{"line":6,"column":22},"end":{"line":32,"column":null}}}},"branchMap":{"0":{"loc":{"start":{"line":10,"column":4},"end":{"line":12,"column":null}},"type":"if","locations":[{"start":{"line":10,"column":4},"end":{"line":12,"column":null}}]}},"s":{"0":0,"1":0,"2":0,"3":0,"4":0,"5":0,"6":0,"7":0,"8":0,"9":0,"10":0,"11":0},"f":{"0":0},"b":{"0":[0]}}
,"C:\\Users\\olari\\OneDrive\\Töölaud\\Billing management platform\\app\\api\\notifications\\[id]\\read\\route.ts": {"path":"C:\\Users\\olari\\OneDrive\\Töölaud\\Billing management platform\\app\\api\\notifications\\[id]\\read\\route.ts","statementMap":{"0":{"start":{"line":6,"column":22},"end":{"line":6,"column":null}},"1":{"start":{"line":2,"column":33},"end":{"line":2,"column":null}},"2":{"start":{"line":3,"column":28},"end":{"line":3,"column":null}},"3":{"start":{"line":4,"column":23},"end":{"line":4,"column":null}},"4":{"start":{"line":10,"column":2},"end":{"line":34,"column":null}},"5":{"start":{"line":11,"column":20},"end":{"line":11,"column":null}},"6":{"start":{"line":13,"column":4},"end":{"line":15,"column":null}},"7":{"start":{"line":14,"column":6},"end":{"line":14,"column":null}},"8":{"start":{"line":17,"column":25},"end":{"line":25,"column":null}},"9":{"start":{"line":27,"column":4},"end":{"line":27,"column":null}},"10":{"start":{"line":29,"column":4},"end":{"line":29,"column":null}},"11":{"start":{"line":30,"column":4},"end":{"line":32,"column":null}}},"fnMap":{"0":{"name":"POST","decl":{"start":{"line":6,"column":22},"end":{"line":6,"column":null}},"loc":{"start":{"line":8,"column":40},"end":{"line":35,"column":null}}}},"branchMap":{"0":{"loc":{"start":{"line":13,"column":4},"end":{"line":15,"column":null}},"type":"if","locations":[{"start":{"line":13,"column":4},"end":{"line":15,"column":null}}]}},"s":{"0":0,"1":0,"2":0,"3":0,"4":0,"5":0,"6":0,"7":0,"8":0,"9":0,"10":0,"11":0},"f":{"0":0},"b":{"0":[0]}}
,"C:\\Users\\olari\\OneDrive\\Töölaud\\Billing management platform\\app\\api\\notifications\\read-all\\route.ts": {"path":"C:\\Users\\olari\\OneDrive\\Töölaud\\Billing management platform\\app\\api\\notifications\\read-all\\route.ts","statementMap":{"0":{"start":{"line":6,"column":22},"end":{"line":6,"column":null}},"1":{"start":{"line":2,"column":33},"end":{"line":2,"column":null}},"2":{"start":{"line":3,"column":28},"end":{"line":3,"column":null}},"3":{"start":{"line":4,"column":23},"end":{"line":4,"column":null}},"4":{"start":{"line":7,"column":2},"end":{"line":31,"column":null}},"5":{"start":{"line":8,"column":20},"end":{"line":8,"column":null}},"6":{"start":{"line":10,"column":4},"end":{"line":12,"column":null}},"7":{"start":{"line":11,"column":6},"end":{"line":11,"column":null}},"8":{"start":{"line":14,"column":4},"end":{"line":22,"column":null}},"9":{"start":{"line":24,"column":4},"end":{"line":24,"column":null}},"10":{"start":{"line":26,"column":4},"end":{"line":26,"column":null}},"11":{"start":{"line":27,"column":4},"end":{"line":29,"column":null}}},"fnMap":{"0":{"name":"POST","decl":{"start":{"line":6,"column":22},"end":{"line":6,"column":null}},"loc":{"start":{"line":6,"column":22},"end":{"line":32,"column":null}}}},"branchMap":{"0":{"loc":{"start":{"line":10,"column":4},"end":{"line":12,"column":null}},"type":"if","locations":[{"start":{"line":10,"column":4},"end":{"line":12,"column":null}}]}},"s":{"0":0,"1":0,"2":0,"3":0,"4":0,"5":0,"6":0,"7":0,"8":0,"9":0,"10":0,"11":0},"f":{"0":0},"b":{"0":[0]}}
,"C:\\Users\\olari\\OneDrive\\Töölaud\\Billing management platform\\app\\api\\stripe\\create-checkout\\route.ts": {"path":"C:\\Users\\olari\\OneDrive\\Töölaud\\Billing management platform\\app\\api\\stripe\\create-checkout\\route.ts","statementMap":{"0":{"start":{"line":28,"column":22},"end":{"line":28,"column":27}},"1":{"start":{"line":2,"column":33},"end":{"line":2,"column":null}},"2":{"start":{"line":3,"column":19},"end":{"line":3,"column":null}},"3":{"start":{"line":4,"column":23},"end":{"line":4,"column":null}},"4":{"start":{"line":6,"column":15},"end":{"line":8,"column":null}},"5":{"start":{"line":10,"column":14},"end":{"line":26,"column":null}},"6":{"start":{"line":29,"column":2},"end":{"line":76,"column":null}},"7":{"start":{"line":30,"column":20},"end":{"line":30,"column":null}},"8":{"start":{"line":31,"column":4},"end":{"line":33,"column":null}},"9":{"start":{"line":32,"column":6},"end":{"line":32,"column":null}},"10":{"start":{"line":35,"column":23},"end":{"line":35,"column":null}},"11":{"start":{"line":36,"column":17},"end":{"line":36,"column":52}},"12":{"start":{"line":38,"column":4},"end":{"line":40,"column":null}},"13":{"start":{"line":39,"column":6},"end":{"line":39,"column":null}},"14":{"start":{"line":42,"column":17},"end":{"line":44,"column":null}},"15":{"start":{"line":46,"column":4},"end":{"line":48,"column":null}},"16":{"start":{"line":47,"column":6},"end":{"line":47,"column":null}},"17":{"start":{"line":50,"column":28},"end":{"line":67,"column":null}},"18":{"start":{"line":69,"column":4},"end":{"line":69,"column":null}},"19":{"start":{"line":71,"column":4},"end":{"line":71,"column":null}},"20":{"start":{"line":72,"column":4},"end":{"line":74,"column":null}}},"fnMap":{"0":{"name":"POST","decl":{"start":{"line":28,"column":22},"end":{"line":28,"column":27}},"loc":{"start":{"line":28,"column":39},"end":{"line":77,"column":null}}}},"branchMap":{"0":{"loc":{"start":{"line":31,"column":4},"end":{"line":33,"column":null}},"type":"if","locations":[{"start":{"line":31,"column":4},"end":{"line":33,"column":null}}]},"1":{"loc":{"start":{"line":38,"column":4},"end":{"line":40,"column":null}},"type":"if","locations":[{"start":{"line":38,"column":4},"end":{"line":40,"column":null}}]},"2":{"loc":{"start":{"line":46,"column":4},"end":{"line":48,"column":null}},"type":"if","locations":[{"start":{"line":46,"column":4},"end":{"line":48,"column":null}}]}},"s":{"0":0,"1":0,"2":0,"3":0,"4":0,"5":0,"6":0,"7":0,"8":0,"9":0,"10":0,"11":0,"12":0,"13":0,"14":0,"15":0,"16":0,"17":0,"18":0,"19":0,"20":0},"f":{"0":0},"b":{"0":[0],"1":[0],"2":[0]}}
,"C:\\Users\\olari\\OneDrive\\Töölaud\\Billing management platform\\app\\api\\stripe\\invoices\\route.ts": {"path":"C:\\Users\\olari\\OneDrive\\Töölaud\\Billing management platform\\app\\api\\stripe\\invoices\\route.ts","statementMap":{"0":{"start":{"line":10,"column":22},"end":{"line":10,"column":26}},"1":{"start":{"line":2,"column":33},"end":{"line":2,"column":null}},"2":{"start":{"line":3,"column":19},"end":{"line":3,"column":null}},"3":{"start":{"line":4,"column":23},"end":{"line":4,"column":null}},"4":{"start":{"line":6,"column":15},"end":{"line":8,"column":null}},"5":{"start":{"line":11,"column":2},"end":{"line":49,"column":null}},"6":{"start":{"line":12,"column":20},"end":{"line":12,"column":null}},"7":{"start":{"line":13,"column":4},"end":{"line":15,"column":null}},"8":{"start":{"line":14,"column":6},"end":{"line":14,"column":null}},"9":{"start":{"line":17,"column":17},"end":{"line":22,"column":null}},"10":{"start":{"line":24,"column":4},"end":{"line":26,"column":null}},"11":{"start":{"line":25,"column":6},"end":{"line":25,"column":null}},"12":{"start":{"line":28,"column":21},"end":{"line":32,"column":null}},"13":{"start":{"line":34,"column":4},"end":{"line":42,"column":null}},"14":{"start":{"line":35,"column":48},"end":{"line":41,"column":null}},"15":{"start":{"line":44,"column":4},"end":{"line":44,"column":null}},"16":{"start":{"line":45,"column":4},"end":{"line":47,"column":null}}},"fnMap":{"0":{"name":"GET","decl":{"start":{"line":10,"column":22},"end":{"line":10,"column":26}},"loc":{"start":{"line":10,"column":38},"end":{"line":50,"column":null}}},"1":{"name":"(anonymous_3)","decl":{"start":{"line":35,"column":34},"end":{"line":35,"column":35}},"loc":{"start":{"line":35,"column":48},"end":{"line":41,"column":null}}}},"branchMap":{"0":{"loc":{"start":{"line":13,"column":4},"end":{"line":15,"column":null}},"type":"if","locations":[{"start":{"line":13,"column":4},"end":{"line":15,"column":null}}]},"1":{"loc":{"start":{"line":24,"column":4},"end":{"line":26,"column":null}},"type":"if","locations":[{"start":{"line":24,"column":4},"end":{"line":26,"column":null}}]}},"s":{"0":0,"1":0,"2":0,"3":0,"4":0,"5":0,"6":0,"7":0,"8":0,"9":0,"10":0,"11":0,"12":0,"13":0,"14":0,"15":0,"16":0},"f":{"0":0,"1":0},"b":{"0":[0],"1":[0]}}
,"C:\\Users\\olari\\OneDrive\\Töölaud\\Billing management platform\\app\\api\\stripe\\subscription\\route.ts": {"path":"C:\\Users\\olari\\OneDrive\\Töölaud\\Billing management platform\\app\\api\\stripe\\subscription\\route.ts","statementMap":{"0":{"start":{"line":10,"column":22},"end":{"line":10,"column":25}},"1":{"start":{"line":48,"column":22},"end":{"line":48,"column":26}},"2":{"start":{"line":2,"column":33},"end":{"line":2,"column":null}},"3":{"start":{"line":3,"column":19},"end":{"line":3,"column":null}},"4":{"start":{"line":4,"column":23},"end":{"line":4,"column":null}},"5":{"start":{"line":6,"column":15},"end":{"line":8,"column":null}},"6":{"start":{"line":11,"column":2},"end":{"line":45,"column":null}},"7":{"start":{"line":12,"column":20},"end":{"line":12,"column":null}},"8":{"start":{"line":13,"column":4},"end":{"line":15,"column":null}},"9":{"start":{"line":14,"column":6},"end":{"line":14,"column":null}},"10":{"start":{"line":17,"column":17},"end":{"line":22,"column":null}},"11":{"start":{"line":24,"column":4},"end":{"line":26,"column":null}},"12":{"start":{"line":25,"column":6},"end":{"line":25,"column":null}},"13":{"start":{"line":28,"column":25},"end":{"line":29,"column":null}},"14":{"start":{"line":32,"column":4},"end":{"line":38,"column":null}},"15":{"start":{"line":40,"column":4},"end":{"line":40,"column":null}},"16":{"start":{"line":41,"column":4},"end":{"line":43,"column":null}},"17":{"start":{"line":49,"column":2},"end":{"line":114,"column":null}},"18":{"start":{"line":50,"column":20},"end":{"line":50,"column":null}},"19":{"start":{"line":51,"column":4},"end":{"line":53,"column":null}},"20":{"start":{"line":52,"column":6},"end":{"line":52,"column":null}},"21":{"start":{"line":55,"column":23},"end":{"line":55,"column":null}},"22":{"start":{"line":57,"column":17},"end":{"line":62,"column":null}},"23":{"start":{"line":64,"column":4},"end":{"line":66,"column":null}},"24":{"start":{"line":65,"column":6},"end":{"line":65,"column":null}},"25":{"start":{"line":68,"column":4},"end":{"line":107,"column":null}},"26":{"start":{"line":70,"column":29},"end":{"line":74,"column":null}},"27":{"start":{"line":77,"column":8},"end":{"line":82,"column":null}},"28":{"start":{"line":84,"column":8},"end":{"line":84,"column":null}},"29":{"start":{"line":88,"column":29},"end":{"line":92,"column":null}},"30":{"start":{"line":95,"column":8},"end":{"line":100,"column":null}},"31":{"start":{"line":102,"column":8},"end":{"line":102,"column":null}},"32":{"start":{"line":106,"column":8},"end":{"line":106,"column":null}},"33":{"start":{"line":109,"column":4},"end":{"line":109,"column":null}},"34":{"start":{"line":110,"column":4},"end":{"line":112,"column":null}}},"fnMap":{"0":{"name":"GET","decl":{"start":{"line":10,"column":22},"end":{"line":10,"column":25}},"loc":{"start":{"line":10,"column":38},"end":{"line":46,"column":null}}},"1":{"name":"POST","decl":{"start":{"line":48,"column":22},"end":{"line":48,"column":26}},"loc":{"start":{"line":48,"column":39},"end":{"line":115,"column":null}}}},"branchMap":{"0":{"loc":{"start":{"line":13,"column":4},"end":{"line":15,"column":null}},"type":"if","locations":[{"start":{"line":13,"column":4},"end":{"line":15,"column":null}}]},"1":{"loc":{"start":{"line":24,"column":4},"end":{"line":26,"column":null}},"type":"if","locations":[{"start":{"line":24,"column":4},"end":{"line":26,"column":null}}]},"2":{"loc":{"start":{"line":51,"column":4},"end":{"line":53,"column":null}},"type":"if","locations":[{"start":{"line":51,"column":4},"end":{"line":53,"column":null}}]},"3":{"loc":{"start":{"line":64,"column":4},"end":{"line":66,"column":null}},"type":"if","locations":[{"start":{"line":64,"column":4},"end":{"line":66,"column":null}}]},"4":{"loc":{"start":{"line":68,"column":4},"end":{"line":107,"column":null}},"type":"switch","locations":[{"start":{"line":69,"column":6},"end":{"line":85,"column":null}},{"start":{"line":87,"column":6},"end":{"line":103,"column":null}},{"start":{"line":105,"column":6},"end":{"line":106,"column":null}}]}},"s":{"0":0,"1":0,"2":0,"3":0,"4":0,"5":0,"6":0,"7":0,"8":0,"9":0,"10":0,"11":0,"12":0,"13":0,"14":0,"15":0,"16":0,"17":0,"18":0,"19":0,"20":0,"21":0,"22":0,"23":0,"24":0,"25":0,"26":0,"27":0,"28":0,"29":0,"30":0,"31":0,"32":0,"33":0,"34":0},"f":{"0":0,"1":0},"b":{"0":[0],"1":[0],"2":[0],"3":[0],"4":[0,0,0]}}
,"C:\\Users\\olari\\OneDrive\\Töölaud\\Billing management platform\\app\\api\\stripe\\webhook\\route.ts": {"path":"C:\\Users\\olari\\OneDrive\\Töölaud\\Billing management platform\\app\\api\\stripe\\webhook\\route.ts","statementMap":{"0":{"start":{"line":12,"column":22},"end":{"line":12,"column":27}},"1":{"start":{"line":2,"column":24},"end":{"line":2,"column":null}},"2":{"start":{"line":3,"column":19},"end":{"line":3,"column":null}},"3":{"start":{"line":4,"column":23},"end":{"line":4,"column":null}},"4":{"start":{"line":6,"column":15},"end":{"line":8,"column":null}},"5":{"start":{"line":10,"column":22},"end":{"line":10,"column":55}},"6":{"start":{"line":13,"column":2},"end":{"line":148,"column":null}},"7":{"start":{"line":14,"column":17},"end":{"line":14,"column":null}},"8":{"start":{"line":15,"column":24},"end":{"line":15,"column":null}},"9":{"start":{"line":16,"column":22},"end":{"line":16,"column":null}},"10":{"start":{"line":18,"column":4},"end":{"line":23,"column":null}},"11":{"start":{"line":19,"column":6},"end":{"line":21,"column":null}},"12":{"start":{"line":27,"column":4},"end":{"line":39,"column":null}},"13":{"start":{"line":28,"column":6},"end":{"line":31,"column":null}},"14":{"start":{"line":34,"column":6},"end":{"line":34,"column":null}},"15":{"start":{"line":35,"column":6},"end":{"line":37,"column":null}},"16":{"start":{"line":41,"column":4},"end":{"line":139,"column":null}},"17":{"start":{"line":43,"column":24},"end":{"line":43,"column":41}},"18":{"start":{"line":44,"column":23},"end":{"line":44,"column":null}},"19":{"start":{"line":45,"column":23},"end":{"line":45,"column":null}},"20":{"start":{"line":47,"column":8},"end":{"line":49,"column":null}},"21":{"start":{"line":48,"column":10},"end":{"line":48,"column":null}},"22":{"start":{"line":52,"column":8},"end":{"line":75,"column":null}},"23":{"start":{"line":78,"column":8},"end":{"line":84,"column":null}},"24":{"start":{"line":85,"column":8},"end":{"line":85,"column":null}},"25":{"start":{"line":89,"column":29},"end":{"line":89,"column":46}},"26":{"start":{"line":90,"column":23},"end":{"line":90,"column":null}},"27":{"start":{"line":92,"column":8},"end":{"line":94,"column":null}},"28":{"start":{"line":93,"column":10},"end":{"line":93,"column":null}},"29":{"start":{"line":96,"column":8},"end":{"line":104,"column":null}},"30":{"start":{"line":106,"column":8},"end":{"line":111,"column":null}},"31":{"start":{"line":112,"column":8},"end":{"line":112,"column":null}},"32":{"start":{"line":116,"column":29},"end":{"line":116,"column":46}},"33":{"start":{"line":117,"column":23},"end":{"line":117,"column":null}},"34":{"start":{"line":119,"column":8},"end":{"line":121,"column":null}},"35":{"start":{"line":120,"column":10},"end":{"line":120,"column":null}},"36":{"start":{"line":123,"column":8},"end":{"line":129,"column":null}},"37":{"start":{"line":131,"column":8},"end":{"line":136,"column":null}},"38":{"start":{"line":137,"column":8},"end":{"line":137,"column":null}},"39":{"start":{"line":141,"column":4},"end":{"line":141,"column":null}},"40":{"start":{"line":143,"column":4},"end":{"line":143,"column":null}},"41":{"start":{"line":144,"column":4},"end":{"line":146,"column":null}}},"fnMap":{"0":{"name":"POST","decl":{"start":{"line":12,"column":22},"end":{"line":12,"column":27}},"loc":{"start":{"line":12,"column":39},"end":{"line":149,"column":null}}}},"branchMap":{"0":{"loc":{"start":{"line":18,"column":4},"end":{"line":23,"column":null}},"type":"if","locations":[{"start":{"line":18,"column":4},"end":{"line":23,"column":null}}]},"1":{"loc":{"start":{"line":41,"column":4},"end":{"line":139,"column":null}},"type":"switch","locations":[{"start":{"line":42,"column":6},"end":{"line":86,"column":null}},{"start":{"line":88,"column":6},"end":{"line":113,"column":null}},{"start":{"line":115,"column":6},"end":{"line":138,"column":null}}]},"2":{"loc":{"start":{"line":47,"column":8},"end":{"line":49,"column":null}},"type":"if","locations":[{"start":{"line":47,"column":8},"end":{"line":49,"column":null}}]},"3":{"loc":{"start":{"line":47,"column":12},"end":{"line":47,"column":32}},"type":"binary-expr","locations":[{"start":{"line":47,"column":12},"end":{"line":47,"column":23}},{"start":{"line":47,"column":23},"end":{"line":47,"column":32}}]},"4":{"loc":{"start":{"line":92,"column":8},"end":{"line":94,"column":null}},"type":"if","locations":[{"start":{"line":92,"column":8},"end":{"line":94,"column":null}}]},"5":{"loc":{"start":{"line":119,"column":8},"end":{"line":121,"column":null}},"type":"if","locations":[{"start":{"line":119,"column":8},"end":{"line":121,"column":null}}]}},"s":{"0":0,"1":0,"2":0,"3":0,"4":0,"5":0,"6":0,"7":0,"8":0,"9":0,"10":0,"11":0,"12":0,"13":0,"14":0,"15":0,"16":0,"17":0,"18":0,"19":0,"20":0,"21":0,"22":0,"23":0,"24":0,"25":0,"26":0,"27":0,"28":0,"29":0,"30":0,"31":0,"32":0,"33":0,"34":0,"35":0,"36":0,"37":0,"38":0,"39":0,"40":0,"41":0},"f":{"0":0},"b":{"0":[0],"1":[0,0,0],"2":[0],"3":[0,0],"4":[0],"5":[0]}}
,"C:\\Users\\olari\\OneDrive\\Töölaud\\Billing management platform\\app\\api\\users\\route.ts": {"path":"C:\\Users\\olari\\OneDrive\\Töölaud\\Billing management platform\\app\\api\\users\\route.ts","statementMap":{"0":{"start":{"line":134,"column":13},"end":{"line":134,"column":19}},"1":{"start":{"line":21,"column":13},"end":{"line":21,"column":16}},"2":{"start":{"line":72,"column":13},"end":{"line":72,"column":17}},"3":{"start":{"line":102,"column":13},"end":{"line":102,"column":16}},"4":{"start":{"line":1,"column":18},"end":{"line":1,"column":null}},"5":{"start":{"line":2,"column":30},"end":{"line":2,"column":null}},"6":{"start":{"line":4,"column":23},"end":{"line":4,"column":null}},"7":{"start":{"line":5,"column":30},"end":{"line":5,"column":null}},"8":{"start":{"line":8,"column":25},"end":{"line":12,"column":null}},"9":{"start":{"line":14,"column":25},"end":{"line":18,"column":null}},"10":{"start":{"line":21,"column":19},"end":{"line":68,"column":null}},"11":{"start":{"line":23,"column":29},"end":{"line":23,"column":null}},"12":{"start":{"line":24,"column":17},"end":{"line":24,"column":null}},"13":{"start":{"line":25,"column":18},"end":{"line":25,"column":null}},"14":{"start":{"line":26,"column":19},"end":{"line":26,"column":null}},"15":{"start":{"line":28,"column":18},"end":{"line":35,"column":null}},"16":{"start":{"line":37,"column":27},"end":{"line":53,"column":null}},"17":{"start":{"line":55,"column":4},"end":{"line":63,"column":null}},"18":{"start":{"line":72,"column":20},"end":{"line":98,"column":null}},"19":{"start":{"line":74,"column":17},"end":{"line":74,"column":null}},"20":{"start":{"line":75,"column":26},"end":{"line":75,"column":null}},"21":{"start":{"line":77,"column":17},"end":{"line":90,"column":null}},"22":{"start":{"line":92,"column":4},"end":{"line":92,"column":null}},"23":{"start":{"line":102,"column":19},"end":{"line":130,"column":null}},"24":{"start":{"line":104,"column":19},"end":{"line":104,"column":28}},"25":{"start":{"line":105,"column":17},"end":{"line":105,"column":null}},"26":{"start":{"line":106,"column":26},"end":{"line":106,"column":null}},"27":{"start":{"line":108,"column":17},"end":{"line":122,"column":null}},"28":{"start":{"line":124,"column":4},"end":{"line":124,"column":null}},"29":{"start":{"line":134,"column":22},"end":{"line":147,"column":null}},"30":{"start":{"line":136,"column":19},"end":{"line":136,"column":28}},"31":{"start":{"line":138,"column":4},"end":{"line":140,"column":null}},"32":{"start":{"line":142,"column":4},"end":{"line":142,"column":null}}},"fnMap":{"0":{"name":"(anonymous_6)","decl":{"start":{"line":22,"column":2},"end":{"line":22,"column":9}},"loc":{"start":{"line":22,"column":9},"end":{"line":64,"column":null}}},"1":{"name":"(anonymous_7)","decl":{"start":{"line":73,"column":2},"end":{"line":73,"column":9}},"loc":{"start":{"line":73,"column":9},"end":{"line":93,"column":null}}},"2":{"name":"(anonymous_8)","decl":{"start":{"line":103,"column":2},"end":{"line":103,"column":9}},"loc":{"start":{"line":103,"column":14},"end":{"line":125,"column":null}}},"3":{"name":"(anonymous_9)","decl":{"start":{"line":135,"column":2},"end":{"line":135,"column":9}},"loc":{"start":{"line":135,"column":14},"end":{"line":143,"column":null}}}},"branchMap":{"0":{"loc":{"start":{"line":24,"column":17},"end":{"line":24,"column":null}},"type":"binary-expr","locations":[{"start":{"line":24,"column":17},"end":{"line":24,"column":53}},{"start":{"line":24,"column":53},"end":{"line":24,"column":null}}]},"1":{"loc":{"start":{"line":25,"column":18},"end":{"line":25,"column":null}},"type":"binary-expr","locations":[{"start":{"line":25,"column":18},"end":{"line":25,"column":55}},{"start":{"line":25,"column":55},"end":{"line":25,"column":null}}]},"2":{"loc":{"start":{"line":26,"column":19},"end":{"line":26,"column":null}},"type":"binary-expr","locations":[{"start":{"line":26,"column":19},"end":{"line":26,"column":49}},{"start":{"line":26,"column":49},"end":{"line":26,"column":null}}]},"3":{"loc":{"start":{"line":28,"column":18},"end":{"line":35,"column":null}},"type":"cond-expr","locations":[{"start":{"line":29,"column":8},"end":{"line":34,"column":null}},{"start":{"line":35,"column":8},"end":{"line":35,"column":null}}]},"4":{"loc":{"start":{"line":112,"column":14},"end":{"line":112,"column":null}},"type":"cond-expr","locations":[{"start":{"line":112,"column":35},"end":{"line":112,"column":71}},{"start":{"line":112,"column":71},"end":{"line":112,"column":null}}]}},"s":{"0":0,"1":0,"2":0,"3":0,"4":0,"5":0,"6":0,"7":0,"8":0,"9":0,"10":0,"11":0,"12":0,"13":0,"14":0,"15":0,"16":0,"17":0,"18":0,"19":0,"20":0,"21":0,"22":0,"23":0,"24":0,"25":0,"26":0,"27":0,"28":0,"29":0,"30":0,"31":0,"32":0},"f":{"0":0,"1":0,"2":0,"3":0},"b":{"0":[0,0],"1":[0,0],"2":[0,0],"3":[0,0],"4":[0,0]}}
,"C:\\Users\\olari\\OneDrive\\Töölaud\\Billing management platform\\app\\auth\\signin\\page.tsx": {"path":"C:\\Users\\olari\\OneDrive\\Töölaud\\Billing management platform\\app\\auth\\signin\\page.tsx","statementMap":{"0":{"start":{"line":8,"column":24},"end":{"line":8,"column":null}},"1":{"start":{"line":3,"column":23},"end":{"line":3,"column":null}},"2":{"start":{"line":4,"column":26},"end":{"line":4,"column":null}},"3":{"start":{"line":5,"column":25},"end":{"line":5,"column":null}},"4":{"start":{"line":6,"column":25},"end":{"line":6,"column":null}},"5":{"start":{"line":9,"column":17},"end":{"line":9,"column":null}},"6":{"start":{"line":10,"column":28},"end":{"line":10,"column":null}},"7":{"start":{"line":11,"column":36},"end":{"line":11,"column":null}},"8":{"start":{"line":13,"column":23},"end":{"line":40,"column":null}},"9":{"start":{"line":14,"column":4},"end":{"line":14,"column":null}},"10":{"start":{"line":15,"column":4},"end":{"line":15,"column":null}},"11":{"start":{"line":16,"column":4},"end":{"line":16,"column":null}},"12":{"start":{"line":18,"column":21},"end":{"line":18,"column":null}},"13":{"start":{"line":19,"column":18},"end":{"line":19,"column":null}},"14":{"start":{"line":20,"column":21},"end":{"line":20,"column":null}},"15":{"start":{"line":22,"column":4},"end":{"line":39,"column":null}},"16":{"start":{"line":23,"column":21},"end":{"line":27,"column":null}},"17":{"start":{"line":29,"column":6},"end":{"line":34,"column":null}},"18":{"start":{"line":30,"column":8},"end":{"line":30,"column":null}},"19":{"start":{"line":32,"column":8},"end":{"line":32,"column":null}},"20":{"start":{"line":33,"column":8},"end":{"line":33,"column":null}},"21":{"start":{"line":36,"column":6},"end":{"line":36,"column":null}},"22":{"start":{"line":38,"column":6},"end":{"line":38,"column":null}},"23":{"start":{"line":42,"column":29},"end":{"line":51,"column":null}},"24":{"start":{"line":43,"column":4},"end":{"line":50,"column":null}},"25":{"start":{"line":44,"column":6},"end":{"line":44,"column":null}},"26":{"start":{"line":45,"column":6},"end":{"line":45,"column":null}},"27":{"start":{"line":47,"column":6},"end":{"line":47,"column":null}},"28":{"start":{"line":49,"column":6},"end":{"line":49,"column":null}}},"fnMap":{"0":{"name":"SignIn","decl":{"start":{"line":8,"column":24},"end":{"line":8,"column":null}},"loc":{"start":{"line":8,"column":24},"end":{"line":130,"column":null}}},"1":{"name":"(anonymous_2)","decl":{"start":{"line":13,"column":23},"end":{"line":13,"column":30}},"loc":{"start":{"line":13,"column":30},"end":{"line":40,"column":null}}},"2":{"name":"(anonymous_3)","decl":{"start":{"line":42,"column":29},"end":{"line":42,"column":null}},"loc":{"start":{"line":42,"column":29},"end":{"line":51,"column":null}}}},"branchMap":{"0":{"loc":{"start":{"line":29,"column":6},"end":{"line":34,"column":null}},"type":"if","locations":[{"start":{"line":29,"column":6},"end":{"line":34,"column":null}},{"start":{"line":31,"column":13},"end":{"line":34,"column":null}}]},"1":{"loc":{"start":{"line":91,"column":11},"end":{"line":91,"column":null}},"type":"binary-expr","locations":[{"start":{"line":91,"column":11},"end":{"line":91,"column":null}}]},"2":{"loc":{"start":{"line":101,"column":15},"end":{"line":101,"column":null}},"type":"cond-expr","locations":[{"start":{"line":101,"column":27},"end":{"line":101,"column":45}},{"start":{"line":101,"column":45},"end":{"line":101,"column":null}}]},"3":{"loc":{"start":{"line":123,"column":15},"end":{"line":123,"column":null}},"type":"cond-expr","locations":[{"start":{"line":123,"column":27},"end":{"line":123,"column":45}},{"start":{"line":123,"column":45},"end":{"line":123,"column":null}}]}},"s":{"0":4,"1":1,"2":1,"3":1,"4":1,"5":8,"6":8,"7":8,"8":8,"9":2,"10":2,"11":2,"12":2,"13":2,"14":2,"15":2,"16":2,"17":2,"18":0,"19":2,"20":2,"21":2,"22":2,"23":8,"24":0,"25":0,"26":0,"27":0,"28":0},"f":{"0":8,"1":2,"2":0},"b":{"0":[0,2],"1":[8],"2":[2,6],"3":[2,6]}}
,"C:\\Users\\olari\\OneDrive\\Töölaud\\Billing management platform\\app\\dashboard\\layout.tsx": {"path":"C:\\Users\\olari\\OneDrive\\Töölaud\\Billing management platform\\app\\dashboard\\layout.tsx","statementMap":{"0":{"start":{"line":21,"column":24},"end":{"line":21,"column":40}},"1":{"start":{"line":3,"column":24},"end":{"line":3,"column":null}},"2":{"start":{"line":4,"column":17},"end":{"line":4,"column":null}},"3":{"start":{"line":5,"column":28},"end":{"line":5,"column":null}},"4":{"start":{"line":6,"column":29},"end":{"line":6,"column":null}},"5":{"start":{"line":8,"column":19},"end":{"line":12,"column":null}},"6":{"start":{"line":14,"column":24},"end":{"line":19,"column":null}},"7":{"start":{"line":26,"column":28},"end":{"line":26,"column":null}},"8":{"start":{"line":27,"column":19},"end":{"line":27,"column":null}},"9":{"start":{"line":29,"column":2},"end":{"line":31,"column":null}},"10":{"start":{"line":30,"column":4},"end":{"line":30,"column":null}},"11":{"start":{"line":33,"column":19},"end":{"line":33,"column":null}},"12":{"start":{"line":47,"column":35},"end":{"line":47,"column":57}},"13":{"start":{"line":48,"column":18},"end":{"line":50,"column":null}}},"fnMap":{"0":{"name":"DashboardLayout","decl":{"start":{"line":21,"column":24},"end":{"line":21,"column":40}},"loc":{"start":{"line":25,"column":1},"end":{"line":92,"column":null}}},"1":{"name":"(anonymous_3)","decl":{"start":{"line":46,"column":30},"end":{"line":46,"column":31}},"loc":{"start":{"line":46,"column":31},"end":{"line":61,"column":null}}}},"branchMap":{"0":{"loc":{"start":{"line":29,"column":2},"end":{"line":31,"column":null}},"type":"if","locations":[{"start":{"line":29,"column":2},"end":{"line":31,"column":null}}]},"1":{"loc":{"start":{"line":33,"column":19},"end":{"line":33,"column":null}},"type":"cond-expr","locations":[{"start":{"line":33,"column":29},"end":{"line":33,"column":47}},{"start":{"line":33,"column":47},"end":{"line":33,"column":null}}]},"2":{"loc":{"start":{"line":53,"column":24},"end":{"line":55,"column":null}},"type":"cond-expr","locations":[{"start":{"line":54,"column":28},"end":{"line":54,"column":null}},{"start":{"line":55,"column":28},"end":{"line":55,"column":null}}]}},"s":{"0":0,"1":0,"2":0,"3":0,"4":0,"5":0,"6":0,"7":0,"8":0,"9":0,"10":0,"11":0,"12":0,"13":0},"f":{"0":0,"1":0},"b":{"0":[0],"1":[0,0],"2":[0,0]}}
,"C:\\Users\\olari\\OneDrive\\Töölaud\\Billing management platform\\app\\dashboard\\page.tsx": {"path":"C:\\Users\\olari\\OneDrive\\Töölaud\\Billing management platform\\app\\dashboard\\page.tsx","statementMap":{"0":{"start":{"line":5,"column":24},"end":{"line":5,"column":null}},"1":{"start":{"line":3,"column":24},"end":{"line":3,"column":null}},"2":{"start":{"line":6,"column":19},"end":{"line":6,"column":null}}},"fnMap":{"0":{"name":"DashboardPage","decl":{"start":{"line":5,"column":24},"end":{"line":5,"column":null}},"loc":{"start":{"line":5,"column":24},"end":{"line":16,"column":null}}}},"branchMap":{"0":{"loc":{"start":{"line":10,"column":69},"end":{"line":10,"column":90}},"type":"binary-expr","locations":[{"start":{"line":10,"column":69},"end":{"line":10,"column":83}},{"start":{"line":10,"column":83},"end":{"line":10,"column":90}}]}},"s":{"0":0,"1":0,"2":0},"f":{"0":0},"b":{"0":[0,0]}}
,"C:\\Users\\olari\\OneDrive\\Töölaud\\Billing management platform\\app\\dashboard\\invoices\\page.tsx": {"path":"C:\\Users\\olari\\OneDrive\\Töölaud\\Billing management platform\\app\\dashboard\\invoices\\page.tsx","statementMap":{"0":{"start":{"line":16,"column":24},"end":{"line":16,"column":null}},"1":{"start":{"line":3,"column":46},"end":{"line":3,"column":null}},"2":{"start":{"line":4,"column":35},"end":{"line":4,"column":null}},"3":{"start":{"line":5,"column":26},"end":{"line":5,"column":null}},"4":{"start":{"line":6,"column":24},"end":{"line":6,"column":null}},"5":{"start":{"line":17,"column":19},"end":{"line":17,"column":null}},"6":{"start":{"line":18,"column":34},"end":{"line":18,"column":null}},"7":{"start":{"line":19,"column":36},"end":{"line":19,"column":null}},"8":{"start":{"line":20,"column":28},"end":{"line":20,"column":null}},"9":{"start":{"line":21,"column":48},"end":{"line":21,"column":null}},"10":{"start":{"line":22,"column":40},"end":{"line":22,"column":null}},"11":{"start":{"line":24,"column":2},"end":{"line":26,"column":null}},"12":{"start":{"line":25,"column":4},"end":{"line":25,"column":null}},"13":{"start":{"line":28,"column":24},"end":{"line":44,"column":null}},"14":{"start":{"line":29,"column":4},"end":{"line":43,"column":null}},"15":{"start":{"line":30,"column":23},"end":{"line":30,"column":null}},"16":{"start":{"line":31,"column":19},"end":{"line":31,"column":null}},"17":{"start":{"line":33,"column":6},"end":{"line":35,"column":null}},"18":{"start":{"line":34,"column":8},"end":{"line":34,"column":null}},"19":{"start":{"line":37,"column":6},"end":{"line":37,"column":null}},"20":{"start":{"line":39,"column":6},"end":{"line":39,"column":null}},"21":{"start":{"line":40,"column":6},"end":{"line":40,"column":null}},"22":{"start":{"line":42,"column":6},"end":{"line":42,"column":null}},"23":{"start":{"line":46,"column":2},"end":{"line":52,"column":null}},"24":{"start":{"line":54,"column":2},"end":{"line":60,"column":null}},"25":{"start":{"line":111,"column":20},"end":{"line":111,"column":null}},"26":{"start":{"line":135,"column":28},"end":{"line":135,"column":null}},"27":{"start":{"line":136,"column":28},"end":{"line":136,"column":null}},"28":{"start":{"line":190,"column":37},"end":{"line":190,"column":null}},"29":{"start":{"line":247,"column":43},"end":{"line":247,"column":null}}},"fnMap":{"0":{"name":"InvoicesPage","decl":{"start":{"line":16,"column":24},"end":{"line":16,"column":null}},"loc":{"start":{"line":16,"column":24},"end":{"line":263,"column":null}}},"1":{"name":"(anonymous_2)","decl":{"start":{"line":24,"column":12},"end":{"line":24,"column":null}},"loc":{"start":{"line":24,"column":12},"end":{"line":26,"column":5}}},"2":{"name":"(anonymous_3)","decl":{"start":{"line":28,"column":24},"end":{"line":28,"column":null}},"loc":{"start":{"line":28,"column":24},"end":{"line":44,"column":null}}},"3":{"name":"(anonymous_4)","decl":{"start":{"line":110,"column":32},"end":{"line":110,"column":null}},"loc":{"start":{"line":111,"column":20},"end":{"line":111,"column":null}}},"4":{"name":"(anonymous_5)","decl":{"start":{"line":134,"column":35},"end":{"line":134,"column":null}},"loc":{"start":{"line":134,"column":35},"end":{"line":137,"column":null}}},"5":{"name":"(anonymous_6)","decl":{"start":{"line":190,"column":31},"end":{"line":190,"column":37}},"loc":{"start":{"line":190,"column":37},"end":{"line":190,"column":null}}},"6":{"name":"(anonymous_7)","decl":{"start":{"line":247,"column":37},"end":{"line":247,"column":43}},"loc":{"start":{"line":247,"column":43},"end":{"line":247,"column":null}}}},"branchMap":{"0":{"loc":{"start":{"line":33,"column":6},"end":{"line":35,"column":null}},"type":"if","locations":[{"start":{"line":33,"column":6},"end":{"line":35,"column":null}}]},"1":{"loc":{"start":{"line":46,"column":2},"end":{"line":52,"column":null}},"type":"if","locations":[{"start":{"line":46,"column":2},"end":{"line":52,"column":null}}]},"2":{"loc":{"start":{"line":54,"column":2},"end":{"line":60,"column":null}},"type":"if","locations":[{"start":{"line":54,"column":2},"end":{"line":60,"column":null}}]},"3":{"loc":{"start":{"line":121,"column":28},"end":{"line":123,"column":null}},"type":"cond-expr","locations":[{"start":{"line":122,"column":32},"end":{"line":122,"column":null}},{"start":{"line":123,"column":32},"end":{"line":123,"column":null}}]},"4":{"loc":{"start":{"line":196,"column":19},"end":{"line":196,"column":null}},"type":"binary-expr","locations":[{"start":{"line":196,"column":19},"end":{"line":196,"column":null}}]},"5":{"loc":{"start":{"line":220,"column":32},"end":{"line":222,"column":null}},"type":"cond-expr","locations":[{"start":{"line":221,"column":36},"end":{"line":221,"column":null}},{"start":{"line":222,"column":36},"end":{"line":222,"column":null}}]}},"s":{"0":0,"1":0,"2":0,"3":0,"4":0,"5":0,"6":0,"7":0,"8":0,"9":0,"10":0,"11":0,"12":0,"13":0,"14":0,"15":0,"16":0,"17":0,"18":0,"19":0,"20":0,"21":0,"22":0,"23":0,"24":0,"25":0,"26":0,"27":0,"28":0,"29":0},"f":{"0":0,"1":0,"2":0,"3":0,"4":0,"5":0,"6":0},"b":{"0":[0],"1":[0],"2":[0],"3":[0,0],"4":[0],"5":[0,0]}}
,"C:\\Users\\olari\\OneDrive\\Töölaud\\Billing management platform\\app\\dashboard\\notifications\\page.tsx": {"path":"C:\\Users\\olari\\OneDrive\\Töölaud\\Billing management platform\\app\\dashboard\\notifications\\page.tsx","statementMap":{"0":{"start":{"line":15,"column":24},"end":{"line":15,"column":null}},"1":{"start":{"line":3,"column":36},"end":{"line":3,"column":null}},"2":{"start":{"line":4,"column":24},"end":{"line":4,"column":null}},"3":{"start":{"line":16,"column":19},"end":{"line":16,"column":null}},"4":{"start":{"line":17,"column":44},"end":{"line":17,"column":null}},"5":{"start":{"line":18,"column":36},"end":{"line":18,"column":null}},"6":{"start":{"line":19,"column":28},"end":{"line":19,"column":null}},"7":{"start":{"line":21,"column":2},"end":{"line":25,"column":null}},"8":{"start":{"line":22,"column":4},"end":{"line":24,"column":null}},"9":{"start":{"line":23,"column":6},"end":{"line":23,"column":null}},"10":{"start":{"line":27,"column":29},"end":{"line":38,"column":null}},"11":{"start":{"line":28,"column":4},"end":{"line":37,"column":null}},"12":{"start":{"line":29,"column":23},"end":{"line":29,"column":null}},"13":{"start":{"line":30,"column":19},"end":{"line":30,"column":null}},"14":{"start":{"line":31,"column":6},"end":{"line":31,"column":null}},"15":{"start":{"line":33,"column":6},"end":{"line":33,"column":null}},"16":{"start":{"line":34,"column":6},"end":{"line":34,"column":null}},"17":{"start":{"line":36,"column":6},"end":{"line":36,"column":null}},"18":{"start":{"line":40,"column":21},"end":{"line":51,"column":null}},"19":{"start":{"line":41,"column":4},"end":{"line":50,"column":null}},"20":{"start":{"line":42,"column":6},"end":{"line":44,"column":null}},"21":{"start":{"line":45,"column":6},"end":{"line":46,"column":null}},"22":{"start":{"line":46,"column":8},"end":{"line":46,"column":null}},"23":{"start":{"line":49,"column":6},"end":{"line":49,"column":null}},"24":{"start":{"line":53,"column":24},"end":{"line":62,"column":null}},"25":{"start":{"line":54,"column":4},"end":{"line":61,"column":null}},"26":{"start":{"line":55,"column":6},"end":{"line":57,"column":null}},"27":{"start":{"line":58,"column":6},"end":{"line":58,"column":null}},"28":{"start":{"line":58,"column":47},"end":{"line":58,"column":null}},"29":{"start":{"line":60,"column":6},"end":{"line":60,"column":null}},"30":{"start":{"line":64,"column":2},"end":{"line":70,"column":null}},"31":{"start":{"line":72,"column":2},"end":{"line":78,"column":null}},"32":{"start":{"line":89,"column":33},"end":{"line":89,"column":40}},"33":{"start":{"line":127,"column":20},"end":{"line":127,"column":null}},"34":{"start":{"line":151,"column":43},"end":{"line":151,"column":null}}},"fnMap":{"0":{"name":"NotificationsPage","decl":{"start":{"line":15,"column":24},"end":{"line":15,"column":null}},"loc":{"start":{"line":15,"column":24},"end":{"line":168,"column":null}}},"1":{"name":"(anonymous_2)","decl":{"start":{"line":21,"column":12},"end":{"line":21,"column":null}},"loc":{"start":{"line":21,"column":12},"end":{"line":25,"column":5}}},"2":{"name":"(anonymous_3)","decl":{"start":{"line":27,"column":29},"end":{"line":27,"column":null}},"loc":{"start":{"line":27,"column":29},"end":{"line":38,"column":null}}},"3":{"name":"(anonymous_4)","decl":{"start":{"line":40,"column":21},"end":{"line":40,"column":28}},"loc":{"start":{"line":40,"column":28},"end":{"line":51,"column":null}}},"4":{"name":"(anonymous_5)","decl":{"start":{"line":45,"column":41},"end":{"line":45,"column":null}},"loc":{"start":{"line":46,"column":8},"end":{"line":46,"column":null}}},"5":{"name":"(anonymous_6)","decl":{"start":{"line":53,"column":24},"end":{"line":53,"column":null}},"loc":{"start":{"line":53,"column":24},"end":{"line":62,"column":null}}},"6":{"name":"(anonymous_7)","decl":{"start":{"line":58,"column":41},"end":{"line":58,"column":47}},"loc":{"start":{"line":58,"column":47},"end":{"line":58,"column":null}}},"7":{"name":"(anonymous_8)","decl":{"start":{"line":89,"column":28},"end":{"line":89,"column":33}},"loc":{"start":{"line":89,"column":33},"end":{"line":89,"column":40}}},"8":{"name":"(anonymous_9)","decl":{"start":{"line":126,"column":37},"end":{"line":126,"column":38}},"loc":{"start":{"line":127,"column":20},"end":{"line":127,"column":null}}},"9":{"name":"(anonymous_10)","decl":{"start":{"line":151,"column":37},"end":{"line":151,"column":43}},"loc":{"start":{"line":151,"column":43},"end":{"line":151,"column":null}}}},"branchMap":{"0":{"loc":{"start":{"line":22,"column":4},"end":{"line":24,"column":null}},"type":"if","locations":[{"start":{"line":22,"column":4},"end":{"line":24,"column":null}}]},"1":{"loc":{"start":{"line":46,"column":8},"end":{"line":46,"column":null}},"type":"cond-expr","locations":[{"start":{"line":46,"column":34},"end":{"line":46,"column":57}},{"start":{"line":46,"column":57},"end":{"line":46,"column":null}}]},"2":{"loc":{"start":{"line":64,"column":2},"end":{"line":70,"column":null}},"type":"if","locations":[{"start":{"line":64,"column":2},"end":{"line":70,"column":null}}]},"3":{"loc":{
[...]
,"C:\\Users\\olari\\OneDrive\\Töölaud\\Billing management platform\\lib\\security\\alerts.ts": {"path":"C:\\Users\\olari\\OneDrive\\Töölaud\\Billing management platform\\lib\\security\\alerts.ts","statementMap":{"0":{"start":{"line":75,"column":9},"end":{"line":75,"column":22}},"1":{"start":{"line":38,"column":22},"end":{"line":38,"column":40}},"2":{"start":{"line":1,"column":29},"end":{"line":1,"column":null}},"3":{"start":{"line":2,"column":49},"end":{"line":2,"column":null}},"4":{"start":{"line":4,"column":23},"end":{"line":4,"column":null}},"5":{"start":{"line":6,"column":15},"end":{"line":6,"column":null}},"6":{"start":{"line":15,"column":37},"end":{"line":34,"column":null}},"7":{"start":{"line":36,"column":15},"end":{"line":36,"column":null}},"8":{"start":{"line":39,"column":20},"end":{"line":39,"column":64}},"9":{"start":{"line":40,"column":20},"end":{"line":40,"column":null}},"10":{"start":{"line":42,"column":2},"end":{"line":72,"column":null}},"11":{"start":{"line":43,"column":26},"end":{"line":43,"column":null}},"12":{"start":{"line":45,"column":25},"end":{"line":53,"column":null}},"13":{"start":{"line":55,"column":4},"end":{"line":71,"column":null}},"14":{"start":{"line":56,"column":6},"end":{"line":70,"column":null}},"15":{"start":{"line":83,"column":2},"end":{"line":125,"column":null}},"16":{"start":{"line":85,"column":19},"end":{"line":88,"column":null}},"17":{"start":{"line":91,"column":4},"end":{"line":105,"column":null}},"18":{"start":{"line":93,"column":8},"end":{"line":105,"column":null}},"19":{"start":{"line":110,"column":4},"end":{"line":122,"column":null}},"20":{"start":{"line":124,"column":4},"end":{"line":124,"column":null}}},"fnMap":{"0":{"name":"checkAndSendAlerts","decl":{"start":{"line":38,"column":22},"end":{"line":38,"column":40}},"loc":{"start":{"line":38,"column":57},"end":{"line":73,"column":null}}},"1":{"name":"sendAlert","decl":{"start":{"line":77,"column":15},"end":{"line":77,"column":25}},"loc":{"start":{"line":82,"column":1},"end":{"line":126,"column":null}}},"2":{"name":"(anonymous_5)","decl":{"start":{"line":92,"column":17},"end":{"line":92,"column":18}},"loc":{"start":{"line":93,"column":8},"end":{"line":105,"column":null}}}},"branchMap":{"0":{"loc":{"start":{"line":39,"column":20},"end":{"line":39,"column":64}},"type":"binary-expr","locations":[{"start":{"line":39,"column":20},"end":{"line":39,"column":58}},{"start":{"line":39,"column":58},"end":{"line":39,"column":64}}]},"1":{"loc":{"start":{"line":55,"column":4},"end":{"line":71,"column":null}},"type":"if","locations":[{"start":{"line":55,"column":4},"end":{"line":71,"column":null}}]}},"s":{"0":0,"1":1,"2":1,"3":1,"4":1,"5":1,"6":1,"7":1,"8":1,"9":1,"10":1,"11":1,"12":1,"13":1,"14":0,"15":0,"16":0,"17":0,"18":0,"19":0,"20":0},"f":{"0":1,"1":0,"2":0},"b":{"0":[1,0],"1":[0]}}
,"C:\\Users\\olari\\OneDrive\\Töölaud\\Billing management platform\\lib\\security\\headers.ts": {"path":"C:\\Users\\olari\\OneDrive\\Töölaud\\Billing management platform\\lib\\security\\headers.ts","statementMap":{"0":{"start":{"line":106,"column":16},"end":{"line":106,"column":37}},"1":{"start":{"line":70,"column":16},"end":{"line":70,"column":34}},"2":{"start":{"line":90,"column":16},"end":{"line":90,"column":35}},"3":{"start":{"line":4,"column":25},"end":{"line":23,"column":null}},"4":{"start":{"line":26,"column":23},"end":{"line":57,"column":null}},"5":{"start":{"line":61,"column":2},"end":{"line":66,"column":null}},"6":{"start":{"line":63,"column":6},"end":{"line":63,"column":null}},"7":{"start":{"line":63,"column":31},"end":{"line":63,"column":null}},"8":{"start":{"line":64,"column":6},"end":{"line":64,"column":null}},"9":{"start":{"line":71,"column":18},"end":{"line":71,"column":null}},"10":{"start":{"line":74,"column":2},"end":{"line":76,"column":null}},"11":{"start":{"line":75,"column":4},"end":{"line":75,"column":null}},"12":{"start":{"line":79,"column":2},"end":{"line":79,"column":null}},"13":{"start":{"line":82,"column":2},"end":{"line":86,"column":null}},"14":{"start":{"line":93,"column":2},"end":{"line":96,"column":null}},"15":{"start":{"line":94,"column":21},"end":{"line":94,"column":null}},"16":{"start":{"line":95,"column":4},"end":{"line":95,"column":null}},"17":{"start":{"line":100,"column":29},"end":{"line":103,"column":null}},"18":{"start":{"line":107,"column":18},"end":{"line":107,"column":null}},"19":{"start":{"line":109,"column":2},"end":{"line":111,"column":null}},"20":{"start":{"line":110,"column":4},"end":{"line":110,"column":null}},"21":{"start":{"line":113,"column":2},"end":{"line":117,"column":null}}},"fnMap":{"0":{"name":"generateCSPHeader","decl":{"start":{"line":60,"column":9},"end":{"line":60,"column":null}},"loc":{"start":{"line":60,"column":9},"end":{"line":67,"column":null}}},"1":{"name":"(anonymous_6)","decl":{"start":{"line":62,"column":9},"end":{"line":62,"column":10}},"loc":{"start":{"line":62,"column":23},"end":{"line":65,"column":null}}},"2":{"name":"addSecurityHeaders","decl":{"start":{"line":70,"column":16},"end":{"line":70,"column":34}},"loc":{"start":{"line":70,"column":57},"end":{"line":87,"column":null}}},"3":{"name":"(anonymous_8)","decl":{"start":{"line":74,"column":43},"end":{"line":74,"column":44}},"loc":{"start":{"line":74,"column":56},"end":{"line":76,"column":null}}},"4":{"name":"withSecurityHeaders","decl":{"start":{"line":90,"column":16},"end":{"line":90,"column":35}},"loc":{"start":{"line":91,"column":50},"end":{"line":97,"column":null}}},"5":{"name":"(anonymous_10)","decl":{"start":{"line":93,"column":9},"end":{"line":93,"column":16}},"loc":{"start":{"line":93,"column":16},"end":{"line":96,"column":null}}},"6":{"name":"addDevSecurityHeaders","decl":{"start":{"line":106,"column":16},"end":{"line":106,"column":37}},"loc":{"start":{"line":106,"column":60},"end":{"line":118,"column":null}}},"7":{"name":"(anonymous_12)","decl":{"start":{"line":109,"column":47},"end":{"line":109,"column":48}},"loc":{"start":{"line":109,"column":60},"end":{"line":111,"column":null}}}},"branchMap":{"0":{"loc":{"start":{"line":63,"column":6},"end":{"line":63,"column":null}},"type":"if","locations":[{"start":{"line":63,"column":6},"end":{"line":63,"column":null}}]}},"s":{"0":0,"1":0,"2":0,"3":0,"4":0,"5":0,"6":0,"7":0,"8":0,"9":0,"10":0,"11":0,"12":0,"13":0,"14":0,"15":0,"16":0,"17":0,"18":0,"19":0,"20":0,"21":0},"f":{"0":0,"1":0,"2":0,"3":0,"4":0,"5":0,"6":0,"7":0},"b":{"0":[0]}}
,"C:\\Users\\olari\\OneDrive\\Töölaud\\Billing management platform\\lib\\security\\logging.ts": {"path":"C:\\Users\\olari\\OneDrive\\Töölaud\\Billing management platform\\lib\\security\\logging.ts","statementMap":{"0":{"start":{"line":94,"column":22},"end":{"line":94,"column":39}},"1":{"start":{"line":111,"column":22},"end":{"line":111,"column":43}},"2":{"start":{"line":128,"column":22},"end":{"line":128,"column":32}},"3":{"start":{"line":27,"column":22},"end":{"line":27,"column":38}},"4":{"start":{"line":1,"column":23},"end":{"line":1,"column":null}},"5":{"start":{"line":3,"column":35},"end":{"line":3,"column":null}},"6":{"start":{"line":4,"column":29},"end":{"line":4,"column":null}},"7":{"start":{"line":6,"column":12},"end":{"line":6,"column":null}},"8":{"start":{"line":28,"column":17},"end":{"line":28,"column":null}},"9":{"start":{"line":29,"column":2},"end":{"line":44,"column":null}},"10":{"start":{"line":30,"column":4},"end":{"line":35,"column":null}},"11":{"start":{"line":38,"column":4},"end":{"line":38,"column":null}},"12":{"start":{"line":41,"column":4},"end":{"line":41,"column":null}},"13":{"start":{"line":43,"column":4},"end":{"line":43,"column":null}},"14":{"start":{"line":48,"column":23},"end":{"line":57,"column":null}},"15":{"start":{"line":60,"column":23},"end":{"line":61,"column":null}},"16":{"start":{"line":61,"column":15},"end":{"line":61,"column":null}},"17":{"start":{"line":64,"column":2},"end":{"line":74,"column":null}},"18":{"start":{"line":65,"column":4},"end":{"line":73,"column":null}},"19":{"start":{"line":77,"column":26},"end":{"line":78,"column":null}},"20":{"start":{"line":78,"column":15},"end":{"line":78,"column":null}},"21":{"start":{"line":81,"column":2},"end":{"line":91,"column":null}},"22":{"start":{"line":82,"column":4},"end":{"line":90,"column":null}},"23":{"start":{"line":98,"column":17},"end":{"line":98,"column":null}},"24":{"start":{"line":99,"column":2},"end":{"line":108,"column":null}},"25":{"start":{"line":100,"column":19},"end":{"line":104,"column":null}},"26":{"start":{"line":105,"column":4},"end":{"line":105,"column":null}},"27":{"start":{"line":107,"column":4},"end":{"line":107,"column":null}},"28":{"start":{"line":115,"column":2},"end":{"line":124,"column":null}},"29":{"start":{"line":129,"column":20},"end":{"line":129,"column":null}},"30":{"start":{"line":130,"column":20},"end":{"line":130,"column":null}},"31":{"start":{"line":132,"column":2},"end":{"line":141,"column":null}}},"fnMap":{"0":{"name":"(anonymous_6)","decl":{"start":{"line":6,"column":12},"end":{"line":6,"column":null}},"loc":{"start":{"line":6,"column":12},"end":{"line":6,"column":null}}},"1":{"name":"logSecurityEvent","decl":{"start":{"line":27,"column":22},"end":{"line":27,"column":38}},"loc":{"start":{"line":27,"column":78},"end":{"line":45,"column":null}}},"2":{"name":"checkSuspiciousActivity","decl":{"start":{"line":47,"column":15},"end":{"line":47,"column":39}},"loc":{"start":{"line":47,"column":62},"end":{"line":92,"column":null}}},"3":{"name":"(anonymous_9)","decl":{"start":{"line":61,"column":4},"end":{"line":61,"column":5}},"loc":{"start":{"line":61,"column":15},"end":{"line":61,"column":null}}},"4":{"name":"(anonymous_10)","decl":{"start":{"line":78,"column":4},"end":{"line":78,"column":5}},"loc":{"start":{"line":78,"column":15},"end":{"line":78,"column":null}}},"5":{"name":"getSecurityEvents","decl":{"start":{"line":94,"column":22},"end":{"line":94,"column":39}},"loc":{"start":{"line":96,"column":21},"end":{"line":109,"column":null}}},"6":{"name":"getSuspiciousActivity","decl":{"start":{"line":111,"column":22},"end":{"line":111,"column":43}},"loc":{"start":{"line":113,"column":16},"end":{"line":125,"column":null}}},"7":{"name":"logRequest","decl":{"start":{"line":128,"column":22},"end":{"line":128,"column":32}},"loc":{"start":{"line":128,"column":49},"end":{"line":142,"column":null}}}},"branchMap":{"0":{"loc":{"start":{"line":6,"column":12},"end":{"line":6,"column":null}},"type":"binary-expr","locations":[{"start":{"line":6,"column":12},"end":{"line":6,"column":null}},{"start":{"line":6,"column":12},"end":{"line":6,"column":null}}]},"1":{"loc":{"start":{"line":64,"column":2},"end":{"line":74,"column":null}},"type":"if","locations":[{"start":{"line":64,"column":2},"end":{"line":74,"column":null}}]},"2":{"loc":{"start":{"line":81,"column":2},"end":{"line":91,"column":null}},"type":"if","locations":[{"start":{"line":81,"column":2},"end":{"line":91,"column":null}}]},"3":{"loc":{"start":{"line":95,"column":2},"end":{"line":95,"column":38}},"type":"default-arg","locations":[{"start":{"line":95,"column":36},"end":{"line":95,"column":38}}]},"4":{"loc":{"start":{"line":96,"column":2},"end":{"line":96,"column":21}},"type":"default-arg","locations":[{"start":{"line":96,"column":18},"end":{"line":96,"column":21}}]},"5":{"loc":{"start":{"line":129,"column":20},"end":{"line":129,"column":null}},"type":"binary-expr","locations":[{"start":{"line":129,"column":20},"end":{"line":129,"column":26}},{"start":{"line":129,"column":30},"end":{"line":129,"column":68}},{"start":{"line":129,"column":68},"end":{"line":129,"column":null}}]},"6":{"loc":{"start":{"line":130,"column":20},"end":{"line":130,"column":null}},"type":"binary-expr","locations":[{"start":{"line":130,"column":20},"end":{"line":130,"column":53}},{"start":{"line":130,"column":53},"end":{"line":130,"column":null}}]}},"s":{"0":0,"1":0,"2":0,"3":1,"4":1,"5":1,"6":1,"7":1,"8":1,"9":1,"10":1,"11":1,"12":0,"13":1,"14":1,"15":1,"16":0,"17":0,"18":0,"19":0,"20":0,"21":0,"22":0,"23":0,"24":0,"25":0,"26":0,"27":0,"28":0,"29":0,"30":0,"31":0},"f":{"0":1,"1":1,"2":1,"3":0,"4":0,"5":0,"6":0,"7":0},"b":{"0":[1,1],"1":[0],"2":[0],"3":[0],"4":[0],"5":[0,0,0],"6":[0,0]}}
,"C:\\Users\\olari\\OneDrive\\Töölaud\\Billing management platform\\lib\\security\\reports.ts": {"path":"C:\\Users\\olari\\OneDrive\\Töölaud\\Billing management platform\\lib\\security\\reports.ts","statementMap":{"0":{"start":{"line":23,"column":22},"end":{"line":23,"column":41}},"1":{"start":{"line":34,"column":22},"end":{"line":34,"column":42}},"2":{"start":{"line":89,"column":22},"end":{"line":89,"column":40}},"3":{"start":{"line":1,"column":23},"end":{"line":1,"column":null}},"4":{"start":{"line":2,"column":34},"end":{"line":2,"column":null}},"5":{"start":{"line":3,"column":23},"end":{"line":3,"column":null}},"6":{"start":{"line":5,"column":15},"end":{"line":5,"column":null}},"7":{"start":{"line":24,"column":20},"end":{"line":24,"column":null}},"8":{"start":{"line":25,"column":2},"end":{"line":25,"column":null}},"9":{"start":{"line":26,"column":2},"end":{"line":26,"column":null}},"10":{"start":{"line":28,"column":16},"end":{"line":28,"column":null}},"11":{"start":{"line":29,"column":2},"end":{"line":29,"column":null}},"12":{"start":{"line":31,"column":2},"end":{"line":31,"column":null}},"13":{"start":{"line":35,"column":19},"end":{"line":35,"column":null}},"14":{"start":{"line":36,"column":2},"end":{"line":36,"column":null}},"15":{"start":{"line":37,"column":2},"end":{"line":37,"column":null}},"16":{"start":{"line":39,"column":16},"end":{"line":39,"column":null}},"17":{"start":{"line":40,"column":2},"end":{"line":40,"column":null}},"18":{"start":{"line":42,"column":2},"end":{"line":42,"column":null}},"19":{"start":{"line":50,"column":17},"end":{"line":58,"column":null}},"20":{"start":{"line":60,"column":33},"end":{"line":84,"column":null}},"21":{"start":{"line":64,"column":6},"end":{"line":64,"column":null}},"22":{"start":{"line":65,"column":6},"end":{"line":65,"column":null}},"23":{"start":{"line":68,"column":6},"end":{"line":68,"column":null}},"24":{"start":{"line":69,"column":6},"end":{"line":69,"column":null}},"25":{"start":{"line":72,"column":17},"end":{"line":72,"column":74}},"26":{"start":{"line":74,"column":45},"end":{"line":74,"column":60}},"27":{"start":{"line":75,"column":47},"end":{"line":75,"column":59}},"28":{"start":{"line":77,"column":25},"end":{"line":77,"column":null}},"29":{"start":{"line":78,"column":23},"end":{"line":83,"column":null}},"30":{"start":{"line":86,"column":2},"end":{"line":86,"column":null}},"31":{"start":{"line":93,"column":2},"end":{"line":147,"column":null}},"32":{"start":{"line":94,"column":4},"end":{"line":142,"column":null}},"33":{"start":{"line":96,"column":8},"end":{"line":142,"column":null}},"34":{"start":{"line":108,"column":40},"end":{"line":108,"column":68}},"35":{"start":{"line":115,"column":44},"end":{"line":115,"column":76}},"36":{"start":{"line":128,"column":31},"end":{"line":136,"column":19}},"37":{"start":{"line":146,"column":4},"end":{"line":146,"column":null}}},"fnMap":{"0":{"name":"generateDailyReport","decl":{"start":{"line":23,"column":22},"end":{"line":23,"column":41}},"loc":{"start":{"line":23,"column":22},"end":{"line":32,"column":null}}},"1":{"name":"generateWeeklyReport","decl":{"start":{"line":34,"column":22},"end":{"line":34,"column":42}},"loc":{"start":{"line":34,"column":22},"end":{"line":43,"column":null}}},"2":{"name":"generateReport","decl":{"start":{"line":45,"column":15},"end":{"line":45,"column":null}},"loc":{"start":{"line":48,"column":16},"end":{"line":87,"column":null}}},"3":{"name":"(anonymous_7)","decl":{"start":{"line":63,"column":32},"end":{"line":63,"column":33}},"loc":{"start":{"line":63,"column":38},"end":{"line":66,"column":7}}},"4":{"name":"(anonymous_8)","decl":{"start":{"line":67,"column":36},"end":{"line":67,"column":37}},"loc":{"start":{"line":67,"column":42},"end":{"line":70,"column":7}}},"5":{"name":"(anonymous_9)","decl":{"start":{"line":72,"column":6},"end":{"line":72,"column":7}},"loc":{"start":{"line":72,"column":17},"end":{"line":72,"column":74}}},"6":{"name":"(anonymous_10)","decl":{"start":{"line":74,"column":34},"end":{"line":74,"column":35}},"loc":{"start":{"line":74,"column":45},"end":{"line":74,"column":60}}},"7":{"name":"(anonymous_11)","decl":{"start":{"line":75,"column":36},"end":{"line":75,"column":37}},"loc":{"start":{"line":75,"column":47},"end":{"line":75,"column":59}}},"8":{"name":"(anonymous_12)","decl":{"start":{"line":77,"column":14},"end":{"line":77,"column":15}},"loc":{"start":{"line":77,"column":25},"end":{"line":77,"column":null}}},"9":{"name":"(anonymous_13)","decl":{"start":{"line":78,"column":11},"end":{"line":78,"column":12}},"loc":{"start":{"line":78,"column":23},"end":{"line":83,"column":null}}},"10":{"name":"sendSecurityReport","decl":{"start":{"line":89,"column":22},"end":{"line":89,"column":40}},"loc":{"start":{"line":91,"column":22},"end":{"line":148,"column":null}}},"11":{"name":"(anonymous_15)","decl":{"start":{"line":95,"column":21},"end":{"line":95,"column":22}},"loc":{"start":{"line":96,"column":8},"end":{"line":142,"column":null}}},"12":{"name":"(anonymous_16)","decl":{"start":{"line":108,"column":21},"end":{"line":108,"column":22}},"loc":{"start":{"line":108,"column":40},"end":{"line":108,"column":68}}},"13":{"name":"(anonymous_17)","decl":{"start":{"line":115,"column":21},"end":{"line":115,"column":22}},"loc":{"start":{"line":115,"column":44},"end":{"line":115,"column":76}}},"14":{"name":"(anonymous_18)","decl":{"start":{"line":128,"column":20},"end":{"line":128,"column":21}},"loc":{"start":{"line":128,"column":31},"end":{"line":136,"column":19}}}},"branchMap":{"0":{"loc":{"start":{"line":64,"column":30},"end":{"line":64,"column":59}},"type":"binary-expr","locations":[{"start":{"line":64,"column":30},"end":{"line":64,"column":50}},{"start":{"line":64,"column":54},"end":{"line":64,"column":59}}]},"1":{"loc":{"start":{"line":68,"column":29},"end":{"line":68,"column":57}},"type":"binary-expr","locations":[{"start":{"line":68,"column":29},"end":{"line":68,"column":48}},{"start":{"line":68,"column":52},"end":{"line":68,"column":57}}]},"2":{"loc":{"start":{"line":123,"column":14},"end":{"line":140,"column":19}},"type":"cond-expr","locations":[{"start":{"line":123,"column":49},"end":{"line":140,"column":13}},{"start":{"line":140,"column":16},"end":{"line":140,"column":19}}]}},"s":{"0":1,"1":0,"2":0,"3":1,"4":1,"5":1,"6":1,"7":1,"8":1,"9":1,"10":1,"11":1,"12":1,"13":0,"14":0,"15":0,"16":0,"17":0,"18":0,"19":1,"20":1,"21":0,"22":0,"23":0,"24":0,"25":0,"26":0,"27":0,"28":0,"29":0,"30":0,"31":0,"32":0,"33":0,"34":0,"35":0,"36":0,"37":0},"f":{"0":1,"1":0,"2":1,"3":0,"4":0,"5":0,"6":0,"7":0,"8":0,"9":0,"10":0,"11":0,"12":0,"13":0,"14":0},"b":{"0":[0,0],"1":[0,0],"2":[0,0]}}
,"C:\\Users\\olari\\OneDrive\\Töölaud\\Billing management platform\\lib\\security\\types.ts": {"path":"C:\\Users\\olari\\OneDrive\\Töölaud\\Billing management platform\\lib\\security\\types.ts","statementMap":{"0":{"start":{"line":1,"column":12},"end":{"line":1,"column":null}}},"fnMap":{"0":{"name":"(anonymous_1)","decl":{"start":{"line":1,"column":12},"end":{"line":1,"column":null}},"loc":{"start":{"line":1,"column":12},"end":{"line":1,"column":null}}}},"branchMap":{"0":{"loc":{"start":{"line":1,"column":12},"end":{"line":1,"column":null}},"type":"binary-expr","locations":[{"start":{"line":1,"column":12},"end":{"line":1,"column":null}},{"start":{"line":1,"column":12},"end":{"line":1,"column":null}}]}},"s":{"0":1},"f":{"0":1},"b":{"0":[1,1]}}
}
