TN:
SF:app\layout.tsx
FN:13,RootLayout
FNF:1
FNH:0
FNDA:0,RootLayout
DA:2,0
DA:3,0
DA:4,0
DA:6,0
DA:8,0
DA:13,0
LF:6
LH:0
BRF:0
BRH:0
end_of_record
TN:
SF:app\page.tsx
FN:3,Home
FNF:1
FNH:0
FNDA:0,Home
DA:1,0
DA:3,0
DA:4,0
LF:3
LH:0
BRF:0
BRH:0
end_of_record
TN:
SF:app\providers.tsx
FN:5,Providers
FNF:1
FNH:0
FNDA:0,Providers
DA:3,0
DA:5,0
LF:2
LH:0
BRF:0
BRH:0
end_of_record
TN:
SF:app\api\admin\security\route.ts
FN:13,(anonymous_5)
FN:14,(anonymous_6)
FN:21,(anonymous_7)
FN:46,(anonymous_8)
FN:69,(anonymous_9)
FN:87,(anonymous_10)
FN:91,(anonymous_11)
FN:95,(anonymous_12)
FN:96,(anonymous_13)
FNF:9
FNH:0
FNDA:0,(anonymous_5)
FNDA:0,(anonymous_6)
FNDA:0,(anonymous_7)
FNDA:0,(anonymous_8)
FNDA:0,(anonymous_9)
FNDA:0,(anonymous_10)
FNDA:0,(anonymous_11)
FNDA:0,(anonymous_12)
FNDA:0,(anonymous_13)
DA:1,0
DA:2,0
DA:8,0
DA:9,0
DA:11,0
DA:13,0
DA:14,0
DA:20,0
DA:22,0
DA:23,0
DA:24,0
DA:27,0
DA:28,0
DA:30,0
DA:37,0
DA:45,0
DA:47,0
DA:48,0
DA:49,0
DA:52,0
DA:53,0
DA:55,0
DA:60,0
DA:68,0
DA:70,0
DA:71,0
DA:72,0
DA:75,0
DA:76,0
DA:78,0
DA:85,0
DA:88,0
DA:89,0
DA:92,0
DA:93,0
DA:95,0
DA:96,0
DA:99,0
LF:38
LH:0
BRDA:13,0,0,0
BRDA:13,0,1,0
BRDA:14,1,0,0
BRDA:14,1,1,0
BRDA:23,2,0,0
BRDA:23,3,0,0
BRDA:23,3,1,0
BRDA:48,4,0,0
BRDA:48,5,0,0
BRDA:48,5,1,0
BRDA:71,6,0,0
BRDA:71,7,0,0
BRDA:71,7,1,0
BRDA:88,8,0,0
BRDA:88,8,1,0
BRDA:92,9,0,0
BRDA:92,9,1,0
BRF:17
BRH:0
end_of_record
TN:
SF:app\api\admin\security\reports\route.ts
FN:9,(anonymous_5)
FN:25,(anonymous_6)
FN:41,(anonymous_7)
FN:60,(anonymous_8)
FNF:4
FNH:0
FNDA:0,(anonymous_5)
FNDA:0,(anonymous_6)
FNDA:0,(anonymous_7)
FNDA:0,(anonymous_8)
DA:1,0
DA:3,0
DA:4,0
DA:5,0
DA:8,0
DA:10,0
DA:11,0
DA:12,0
DA:15,0
DA:16,0
DA:24,0
DA:26,0
DA:27,0
DA:28,0
DA:31,0
DA:32,0
DA:40,0
DA:42,0
DA:43,0
DA:44,0
DA:47,0
DA:48,0
DA:49,0
DA:52,0
DA:55,0
DA:60,0
DA:61,0
DA:63,0
LF:28
LH:0
BRDA:11,0,0,0
BRDA:11,1,0,0
BRDA:11,1,1,0
BRDA:27,2,0,0
BRDA:27,3,0,0
BRDA:27,3,1,0
BRDA:43,4,0,0
BRDA:43,5,0,0
BRDA:43,5,1,0
BRDA:48,6,0,0
BRDA:52,7,0,0
BRDA:52,7,1,0
BRF:12
BRH:0
end_of_record
TN:
SF:app\api\auth\2fa\route.ts
FN:23,(anonymous_7)
FN:39,(anonymous_8)
FN:69,(anonymous_9)
FN:89,(anonymous_10)
FN:109,(anonymous_11)
FNF:5
FNH:0
FNDA:0,(anonymous_7)
FNDA:0,(anonymous_8)
FNDA:0,(anonymous_9)
FNDA:0,(anonymous_10)
FNDA:0,(anonymous_11)
DA:1,0
DA:2,0
DA:10,0
DA:11,0
DA:13,0
DA:17,0
DA:22,0
DA:24,0
DA:25,0
DA:26,0
DA:29,0
DA:30,0
DA:38,0
DA:40,0
DA:41,0
DA:42,0
DA:45,0
DA:46,0
DA:48,0
DA:49,0
DA:50,0
DA:54,0
DA:56,0
DA:68,0
DA:70,0
DA:71,0
DA:72,0
DA:75,0
DA:76,0
DA:78,0
DA:79,0
DA:88,0
DA:90,0
DA:91,0
DA:92,0
DA:95,0
DA:96,0
DA:98,0
DA:99,0
DA:108,0
DA:110,0
DA:111,0
DA:112,0
DA:115,0
DA:116,0
LF:45
LH:0
BRDA:25,0,0,0
BRDA:41,1,0,0
BRDA:49,2,0,0
BRDA:71,3,0,0
BRDA:91,4,0,0
BRDA:111,5,0,0
BRF:6
BRH:0
end_of_record
TN:
SF:app\api\auth\[...nextauth]\route.ts
FN:23,(anonymous_4)
FN:60,(anonymous_5)
FN:66,(anonymous_6)
FNF:3
FNH:0
FNDA:0,(anonymous_4)
FNDA:0,(anonymous_5)
FNDA:0,(anonymous_6)
DA:1,0
DA:2,0
DA:3,0
DA:4,0
DA:5,0
DA:6,0
DA:8,0
DA:10,0
DA:24,0
DA:25,0
DA:28,0
DA:34,0
DA:35,0
DA:38,0
DA:43,0
DA:44,0
DA:47,0
DA:61,0
DA:62,0
DA:64,0
DA:67,0
DA:68,0
DA:70,0
DA:75,0
LF:24
LH:0
BRDA:24,0,0,0
BRDA:24,1,0,0
BRDA:24,1,1,0
BRDA:34,2,0,0
BRDA:34,3,0,0
BRDA:34,3,1,0
BRDA:43,4,0,0
BRDA:61,5,0,0
BRDA:67,6,0,0
BRF:9
BRH:0
end_of_record
TN:
SF:app\api\auth\me\route.ts
FN:5,GET
FNF:1
FNH:0
FNDA:0,GET
DA:2,0
DA:3,0
DA:5,0
DA:6,0
DA:7,0
DA:9,0
DA:10,0
DA:13,0
DA:15,0
DA:16,0
LF:10
LH:0
BRDA:9,0,0,0
BRF:1
BRH:0
end_of_record
TN:
SF:app\api\auth\password\route.ts
FN:31,(anonymous_5)
FN:56,(anonymous_6)
FN:86,(anonymous_7)
FNF:3
FNH:0
FNDA:0,(anonymous_5)
FNDA:0,(anonymous_6)
FNDA:0,(anonymous_7)
DA:1,0
DA:2,0
DA:10,0
DA:12,0
DA:13,0
DA:15,0
DA:20,0
DA:24,0
DA:30,0
DA:32,0
DA:33,0
DA:34,0
DA:37,0
DA:38,0
DA:41,0
DA:44,0
DA:46,0
DA:55,0
DA:57,0
DA:58,0
DA:61,0
DA:65,0
DA:67,0
DA:71,0
DA:74,0
DA:76,0
DA:85,0
DA:87,0
DA:88,0
DA:91,0
DA:97,0
DA:98,0
DA:102,0
DA:103,0
DA:104,0
DA:108,0
DA:109,0
DA:112,0
DA:114,0
LF:39
LH:0
BRDA:33,0,0,0
BRDA:65,1,0,0
BRDA:97,2,0,0
BRDA:103,3,0,0
BRF:4
BRH:0
end_of_record
TN:
SF:app\api\auth\sessions\route.ts
FN:12,(anonymous_5)
FN:28,(anonymous_6)
FN:46,(anonymous_7)
FNF:3
FNH:0
FNDA:0,(anonymous_5)
FNDA:0,(anonymous_6)
FNDA:0,(anonymous_7)
DA:1,0
DA:7,0
DA:8,0
DA:11,0
DA:13,0
DA:14,0
DA:15,0
DA:18,0
DA:19,0
DA:27,0
DA:29,0
DA:30,0
DA:31,0
DA:34,0
DA:35,0
DA:37,0
DA:45,0
DA:47,0
DA:48,0
DA:49,0
DA:52,0
DA:54,0
LF:22
LH:0
BRDA:14,0,0,0
BRDA:30,1,0,0
BRDA:48,2,0,0
BRF:3
BRH:0
end_of_record
TN:
SF:app\api\dashboard\admin\stats\route.ts
FN:10,GET
FNF:1
FNH:0
FNDA:0,GET
DA:2,0
DA:3,0
DA:4,0
DA:6,0
DA:10,0
DA:11,0
DA:12,0
DA:13,0
DA:14,0
DA:17,0
DA:21,0
DA:22,0
DA:26,0
DA:29,0
DA:36,0
DA:37,0
DA:40,0
DA:41,0
DA:43,0
DA:51,0
DA:55,0
DA:64,0
DA:65,0
LF:23
LH:0
BRDA:13,0,0,0
BRDA:21,1,0,0
BRDA:21,2,0,0
BRDA:21,2,1,0
BRDA:51,3,0,0
BRDA:51,3,1,0
BRF:6
BRH:0
end_of_record
TN:
SF:app\api\dashboard\stats\route.ts
FN:5,GET
FNF:1
FNH:0
FNDA:0,GET
DA:2,0
DA:3,0
DA:5,0
DA:6,0
DA:7,0
DA:8,0
DA:9,0
DA:12,0
DA:19,0
DA:20,0
DA:23,0
DA:31,0
DA:32,0
LF:13
LH:0
BRDA:8,0,0,0
BRDA:19,1,0,0
BRDA:24,2,0,0
BRDA:24,2,1,0
BRF:4
BRH:0
end_of_record
TN:
SF:app\api\notifications\route.ts
FN:6,GET
FNF:1
FNH:0
FNDA:0,GET
DA:2,0
DA:3,0
DA:4,0
DA:6,0
DA:7,0
DA:8,0
DA:10,0
DA:11,0
DA:14,0
DA:24,0
DA:26,0
DA:27,0
LF:12
LH:0
BRDA:10,0,0,0
BRF:1
BRH:0
end_of_record
TN:
SF:app\api\notifications\[id]\read\route.ts
FN:6,POST
FNF:1
FNH:0
FNDA:0,POST
DA:2,0
DA:3,0
DA:4,0
DA:6,0
DA:10,0
DA:11,0
DA:13,0
DA:14,0
DA:17,0
DA:27,0
DA:29,0
DA:30,0
LF:12
LH:0
BRDA:13,0,0,0
BRF:1
BRH:0
end_of_record
TN:
SF:app\api\notifications\read-all\route.ts
FN:6,POST
FNF:1
FNH:0
FNDA:0,POST
DA:2,0
DA:3,0
DA:4,0
DA:6,0
DA:7,0
DA:8,0
DA:10,0
DA:11,0
DA:14,0
DA:24,0
DA:26,0
DA:27,0
LF:12
LH:0
BRDA:10,0,0,0
BRF:1
BRH:0
end_of_record
TN:
SF:app\api\stripe\create-checkout\route.ts
FN:28,POST
FNF:1
FNH:0
FNDA:0,POST
DA:2,0
DA:3,0
DA:4,0
DA:6,0
DA:10,0
DA:28,0
DA:29,0
DA:30,0
DA:31,0
DA:32,0
DA:35,0
DA:36,0
DA:38,0
DA:39,0
DA:42,0
DA:46,0
DA:47,0
DA:50,0
DA:69,0
DA:71,0
DA:72,0
LF:21
LH:0
BRDA:31,0,0,0
BRDA:38,1,0,0
BRDA:46,2,0,0
BRF:3
BRH:0
end_of_record
TN:
SF:app\api\stripe\invoices\route.ts
FN:10,GET
FN:35,(anonymous_3)
FNF:2
FNH:0
FNDA:0,GET
FNDA:0,(anonymous_3)
DA:2,0
DA:3,0
DA:4,0
DA:6,0
DA:10,0
DA:11,0
DA:12,0
DA:13,0
DA:14,0
DA:17,0
DA:24,0
DA:25,0
DA:28,0
DA:34,0
DA:35,0
DA:44,0
DA:45,0
LF:17
LH:0
BRDA:13,0,0,0
BRDA:24,1,0,0
BRF:2
BRH:0
end_of_record
TN:
SF:app\api\stripe\subscription\route.ts
FN:10,GET
FN:48,POST
FNF:2
FNH:0
FNDA:0,GET
FNDA:0,POST
DA:2,0
DA:3,0
DA:4,0
DA:6,0
DA:10,0
DA:11,0
DA:12,0
DA:13,0
DA:14,0
DA:17,0
DA:24,0
DA:25,0
DA:28,0
DA:32,0
DA:40,0
DA:41,0
DA:48,0
DA:49,0
DA:50,0
DA:51,0
DA:52,0
DA:55,0
DA:57,0
DA:64,0
DA:65,0
DA:68,0
DA:70,0
DA:77,0
DA:84,0
DA:88,0
DA:95,0
DA:102,0
DA:106,0
DA:109,0
DA:110,0
LF:35
LH:0
BRDA:13,0,0,0
BRDA:24,1,0,0
BRDA:51,2,0,0
BRDA:64,3,0,0
BRDA:68,4,0,0
BRDA:68,4,1,0
BRDA:68,4,2,0
BRF:7
BRH:0
end_of_record
TN:
SF:app\api\stripe\webhook\route.ts
FN:12,POST
FNF:1
FNH:0
FNDA:0,POST
DA:2,0
DA:3,0
DA:4,0
DA:6,0
DA:10,0
DA:12,0
DA:13,0
DA:14,0
DA:15,0
DA:16,0
DA:18,0
DA:19,0
DA:27,0
DA:28,0
DA:34,0
DA:35,0
DA:41,0
DA:43,0
DA:44,0
DA:45,0
DA:47,0
DA:48,0
DA:52,0
DA:78,0
DA:85,0
DA:89,0
DA:90,0
DA:92,0
DA:93,0
DA:96,0
DA:106,0
DA:112,0
DA:116,0
DA:117,0
DA:119,0
DA:120,0
DA:123,0
DA:131,0
DA:137,0
DA:141,0
DA:143,0
DA:144,0
LF:42
LH:0
BRDA:18,0,0,0
BRDA:41,1,0,0
BRDA:41,1,1,0
BRDA:41,1,2,0
BRDA:47,2,0,0
BRDA:47,3,0,0
BRDA:47,3,1,0
BRDA:92,4,0,0
BRDA:119,5,0,0
BRF:9
BRH:0
end_of_record
TN:
SF:app\api\users\route.ts
FN:22,(anonymous_6)
FN:73,(anonymous_7)
FN:103,(anonymous_8)
FN:135,(anonymous_9)
FNF:4
FNH:0
FNDA:0,(anonymous_6)
FNDA:0,(anonymous_7)
FNDA:0,(anonymous_8)
FNDA:0,(anonymous_9)
DA:1,0
DA:2,0
DA:4,0
DA:5,0
DA:8,0
DA:14,0
DA:21,0
DA:23,0
DA:24,0
DA:25,0
DA:26,0
DA:28,0
DA:37,0
DA:55,0
DA:72,0
DA:74,0
DA:75,0
DA:77,0
DA:92,0
DA:102,0
DA:104,0
DA:105,0
DA:106,0
DA:108,0
DA:124,0
DA:134,0
DA:136,0
DA:138,0
DA:142,0
LF:29
LH:0
BRDA:24,0,0,0
BRDA:24,0,1,0
BRDA:25,1,0,0
BRDA:25,1,1,0
BRDA:26,2,0,0
BRDA:26,2,1,0
BRDA:28,3,0,0
BRDA:28,3,1,0
BRDA:112,4,0,0
BRDA:112,4,1,0
BRF:10
BRH:0
end_of_record
TN:
SF:app\auth\signin\page.tsx
FN:8,SignIn
FN:13,(anonymous_2)
FN:42,(anonymous_3)
FNF:3
FNH:2
FNDA:8,SignIn
FNDA:2,(anonymous_2)
FNDA:0,(anonymous_3)
DA:3,1
DA:4,1
DA:5,1
DA:6,1
DA:8,4
DA:9,8
DA:10,8
DA:11,8
DA:13,8
DA:14,2
DA:15,2
DA:16,2
DA:18,2
DA:19,2
DA:20,2
DA:22,2
DA:23,2
DA:29,2
DA:30,0
DA:32,2
DA:33,2
DA:36,2
DA:38,2
DA:42,8
DA:43,0
DA:44,0
DA:45,0
DA:47,0
DA:49,0
LF:29
LH:23
BRDA:29,0,0,0
BRDA:29,0,1,2
BRDA:91,1,0,8
BRDA:101,2,0,2
BRDA:101,2,1,6
BRDA:123,3,0,2
BRDA:123,3,1,6
BRF:7
BRH:6
end_of_record
TN:
SF:app\dashboard\layout.tsx
FN:21,DashboardLayout
FN:46,(anonymous_3)
FNF:2
FNH:0
FNDA:0,DashboardLayout
FNDA:0,(anonymous_3)
DA:3,0
DA:4,0
DA:5,0
DA:6,0
DA:8,0
DA:14,0
DA:21,0
DA:26,0
DA:27,0
DA:29,0
DA:30,0
DA:33,0
DA:47,0
DA:48,0
LF:14
LH:0
BRDA:29,0,0,0
BRDA:33,1,0,0
BRDA:33,1,1,0
BRDA:53,2,0,0
BRDA:53,2,1,0
BRF:5
BRH:0
end_of_record
TN:
SF:app\dashboard\page.tsx
FN:5,DashboardPage
FNF:1
FNH:0
FNDA:0,DashboardPage
DA:3,0
DA:5,0
DA:6,0
LF:3
LH:0
BRDA:10,0,0,0
BRDA:10,0,1,0
BRF:2
BRH:0
end_of_record
TN:
SF:app\dashboard\invoices\page.tsx
FN:16,InvoicesPage
FN:24,(anonymous_2)
FN:28,(anonymous_3)
FN:110,(anonymous_4)
FN:134,(anonymous_5)
FN:190,(anonymous_6)
FN:247,(anonymous_7)
FNF:7
FNH:0
FNDA:0,InvoicesPage
FNDA:0,(anonymous_2)
FNDA:0,(anonymous_3)
FNDA:0,(anonymous_4)
FNDA:0,(anonymous_5)
FNDA:0,(anonymous_6)
FNDA:0,(anonymous_7)
DA:3,0
DA:4,0
DA:5,0
DA:6,0
DA:16,0
DA:17,0
DA:18,0
DA:19,0
DA:20,0
DA:21,0
DA:22,0
DA:24,0
DA:25,0
DA:28,0
DA:29,0
DA:30,0
DA:31,0
DA:33,0
DA:34,0
DA:37,0
DA:39,0
DA:40,0
DA:42,0
DA:46,0
DA:54,0
DA:111,0
DA:135,0
DA:136,0
DA:190,0
DA:247,0
LF:30
LH:0
BRDA:33,0,0,0
BRDA:46,1,0,0
BRDA:54,2,0,0
BRDA:121,3,0,0
BRDA:121,3,1,0
BRDA:196,4,0,0
BRDA:220,5,0,0
BRDA:220,5,1,0
BRF:8
BRH:0
end_of_record
TN:
SF:app\dashboard\notifications\page.tsx
FN:15,NotificationsPage
FN:21,(anonymous_2)
FN:27,(anonymous_3)
FN:40,(anonymous_4)
FN:45,(anonymous_5)
FN:53,(anonymous_6)
FN:58,(anonymous_7)
FN:89,(anonymous_8)
FN:126,(anonymous_9)
FN:151,(anonymous_10)
FNF:10
FNH:0
FNDA:0,NotificationsPage
FNDA:0,(anonymous_2)
FNDA:0,(anonymous_3)
FNDA:0,(anonymous_4)
FNDA:0,(anonymous_5)
FNDA:0,(anonymous_6)
FNDA:0,(anonymous_7)
FNDA:0,(anonymous_8)
FNDA:0,(anonymous_9)
FNDA:0,(anonymous_10)
DA:3,0
DA:4,0
DA:15,0
DA:16,0
DA:17,0
DA:18,0
DA:19,0
DA:21,0
DA:22,0
DA:23,0
DA:27,0
DA:28,0
DA:29,0
DA:30,0
DA:31,0
DA:33,0
DA:34,0
DA:36,0
DA:40,0
DA:41,0
DA:42,0
DA:45,0
DA:46,0
DA:49,0
DA:53,0
DA:54,0
DA:55,0
DA:58,0
DA:60,0
DA:64,0
DA:72,0
DA:89,0
DA:127,0
DA:151,0
LF:34
LH:0
BRDA:22,0,0,0
BRDA:46,1,0,0
BRDA:46,1,1,0
BRDA:64,2,0,0
BRDA:72,3,0,0
BRDA:89,4,0,0
BRDA:137,5,0,0
BRDA:137,5,1,0
BRDA:142,6,0,0
BRDA:142,6,1,0
BRDA:149,7,0,0
BRF:11
BRH:0
end_of_record
TN:
SF:app\dashboard\subscription\page.tsx
FN:17,SubscriptionPage
FN:23,(anonymous_2)
FN:27,(anonymous_3)
FN:45,(anonymous_4)
FN:133,(anonymous_5)
FN:140,(anonymous_6)
FNF:6
FNH:0
FNDA:0,SubscriptionPage
FNDA:0,(anonymous_2)
FNDA:0,(anonymous_3)
FNDA:0,(anonymous_4)
FNDA:0,(anonymous_5)
FNDA:0,(anonymous_6)
DA:3,0
DA:4,0
DA:17,0
DA:18,0
DA:19,0
DA:20,0
DA:21,0
DA:23,0
DA:24,0
DA:27,0
DA:28,0
DA:29,0
DA:30,0
DA:32,0
DA:33,0
DA:36,0
DA:38,0
DA:39,0
DA:41,0
DA:45,0
DA:46,0
DA:47,0
DA:55,0
DA:57,0
DA:58,0
DA:61,0
DA:63,0
DA:64,0
DA:68,0
DA:76,0
DA:84,0
DA:133,0
DA:140,0
LF:33
LH:0
BRDA:32,0,0,0
BRDA:57,1,0,0
BRDA:68,2,0,0
BRDA:76,3,0,0
BRDA:84,4,0,0
BRDA:126,5,0,0
BRDA:126,5,1,0
BRDA:132,6,0,0
BRF:8
BRH:0
end_of_record
TN:
SF:app\pricing\page.tsx
FN:50,PricingPage
FN:55,(anonymous_2)
FN:96,(anonymous_3)
FN:131,(anonymous_4)
FNF:4
FNH:2
FNDA:5,PricingPage
FNDA:0,(anonymous_2)
FNDA:15,(anonymous_3)
FNDA:0,(anonymous_4)
DA:3,1
DA:4,1
DA:5,1
DA:7,1
DA:50,5
DA:51,5
DA:52,5
DA:53,5
DA:55,5
DA:56,0
DA:57,0
DA:58,0
DA:61,0
DA:62,0
DA:63,0
DA:71,0
DA:73,0
DA:74,0
DA:77,0
DA:79,0
DA:80,0
DA:97,15
DA:131,0
LF:23
LH:10
BRDA:56,0,0,0
BRDA:73,1,0,0
BRDA:100,2,0,5
BRDA:100,2,1,10
BRDA:107,3,0,5
BRDA:107,3,1,10
BRDA:112,4,0,15
BRDA:134,5,0,5
BRDA:134,5,1,10
BRDA:139,6,0,0
BRDA:139,6,1,15
BRF:11
BRH:8
end_of_record
TN:
SF:components\NotificationBell.tsx
FN:17,NotificationBell
FN:22,(anonymous_2)
FN:28,(anonymous_3)
FN:33,(anonymous_4)
FN:39,(anonymous_5)
FN:44,(anonymous_6)
FN:47,(anonymous_7)
FN:53,(anonymous_8)
FN:58,(anonymous_9)
FN:109,(anonymous_10)
FN:116,(anonymous_12)
FNF:11
FNH:0
FNDA:0,NotificationBell
FNDA:0,(anonymous_2)
FNDA:0,(anonymous_3)
FNDA:0,(anonymous_4)
FNDA:0,(anonymous_5)
FNDA:0,(anonymous_6)
FNDA:0,(anonymous_7)
FNDA:0,(anonymous_8)
FNDA:0,(anonymous_9)
FNDA:0,(anonymous_10)
FNDA:0,(anonymous_12)
DA:3,0
DA:4,0
DA:5,0
DA:6,0
DA:17,0
DA:18,0
DA:19,0
DA:20,0
DA:22,0
DA:23,0
DA:24,0
DA:28,0
DA:29,0
DA:30,0
DA:31,0
DA:32,0
DA:33,0
DA:35,0
DA:39,0
DA:40,0
DA:41,0
DA:44,0
DA:45,0
DA:47,0
DA:49,0
DA:53,0
DA:54,0
DA:55,0
DA:58,0
DA:59,0
DA:61,0
DA:110,0
DA:116,0
LF:33
LH:0
BRDA:23,0,0,0
BRDA:45,1,0,0
BRDA:45,1,1,0
BRDA:70,2,0,0
BRDA:93,3,0,0
BRDA:104,4,0,0
BRDA:104,4,1,0
BRDA:114,5,0,0
BRDA:114,5,1,0
BRDA:115,6,0,0
BRDA:115,6,1,0
BRDA:131,7,0,0
BRF:12
BRH:0
end_of_record
TN:
SF:lib\auth.ts
FN:19,(anonymous_2)
FN:48,(anonymous_3)
FN:55,(anonymous_4)
FNF:3
FNH:0
FNDA:0,(anonymous_2)
FNDA:0,(anonymous_3)
FNDA:0,(anonymous_4)
DA:2,0
DA:3,0
DA:4,0
DA:5,0
DA:7,0
DA:20,0
DA:21,0
DA:24,0
DA:28,0
DA:29,0
DA:32,0
DA:34,0
DA:35,0
DA:38,0
DA:49,0
DA:50,0
DA:51,0
DA:53,0
DA:56,0
DA:57,0
DA:59,0
LF:21
LH:0
BRDA:20,0,0,0
BRDA:20,1,0,0
BRDA:20,1,1,0
BRDA:28,2,0,0
BRDA:28,3,0,0
BRDA:28,3,1,0
BRDA:34,4,0,0
BRDA:49,5,0,0
BRDA:56,6,0,0
BRF:9
BRH:0
end_of_record
TN:
SF:lib\notifications.ts
FN:22,(anonymous_1)
FN:35,(anonymous_2)
FN:111,(anonymous_3)
FNF:3
FNH:0
FNDA:0,(anonymous_1)
FNDA:0,(anonymous_2)
FNDA:0,(anonymous_3)
DA:1,0
DA:2,0
DA:4,0
DA:21,0
DA:23,0
DA:36,0
DA:41,0
DA:43,0
DA:96,0
DA:97,0
DA:99,0
DA:100,0
DA:107,0
DA:113,0
DA:116,0
LF:15
LH:0
BRDA:41,0,0,0
BRDA:48,1,0,0
BRDA:48,1,1,0
BRDA:58,2,0,0
BRDA:58,2,1,0
BRDA:68,3,0,0
BRDA:68,3,1,0
BRDA:77,4,0,0
BRDA:77,4,1,0
BRDA:87,5,0,0
BRDA:87,5,1,0
BRDA:97,6,0,0
BRDA:116,7,0,0
BRDA:116,7,1,0
BRF:14
BRH:0
end_of_record
TN:
SF:lib\prisma.ts
FN:7,(anonymous_1)
FN:23,(anonymous_2)
FN:28,(anonymous_3)
FN:34,(anonymous_4)
FNF:4
FNH:1
FNDA:1,(anonymous_1)
FNDA:0,(anonymous_2)
FNDA:0,(anonymous_3)
FNDA:0,(anonymous_4)
DA:1,1
DA:7,1
DA:8,1
DA:16,2
DA:18,1
DA:19,1
DA:23,1
DA:24,0
DA:28,1
DA:29,0
DA:33,1
DA:34,0
DA:35,0
DA:36,0
DA:37,0
LF:15
LH:9
BRDA:16,0,0,1
BRDA:16,0,1,1
BRDA:18,1,0,1
BRDA:33,2,0,0
BRF:4
BRH:3
end_of_record
TN:
SF:lib\api\handler.ts
FN:25,createHandler
FN:29,(anonymous_3)
FNF:2
FNH:0
FNDA:0,createHandler
FNDA:0,(anonymous_3)
DA:8,0
DA:25,0
DA:29,0
DA:30,0
DA:32,0
DA:33,0
DA:37,0
DA:38,0
DA:43,0
DA:44,0
DA:48,0
DA:51,0
DA:52,0
DA:53,0
DA:54,0
DA:55,0
DA:56,0
DA:61,0
DA:67,0
LF:19
LH:0
BRDA:27,0,0,0
BRDA:32,1,0,0
BRDA:32,2,0,0
BRDA:32,2,1,0
BRDA:37,3,0,0
BRDA:43,4,0,0
BRF:6
BRH:0
end_of_record
TN:
SF:lib\api\security.ts
FN:7,(anonymous_11)
FN:8,(anonymous_12)
FN:18,(anonymous_13)
FN:29,validateRequest
FN:45,requireRole
FN:61,rateLimitResponse
FN:77,handleApiError
FN:100,sanitizeInput
FN:108,apiResponse
FNF:9
FNH:0
FNDA:0,(anonymous_11)
FNDA:0,(anonymous_12)
FNDA:0,(anonymous_13)
FNDA:0,validateRequest
FNDA:0,requireRole
FNDA:0,rateLimitResponse
FNDA:0,handleApiError
FNDA:0,sanitizeInput
FNDA:0,apiResponse
DA:1,0
DA:3,0
DA:6,0
DA:7,0
DA:8,0
DA:11,0
DA:17,0
DA:19,0
DA:21,0
DA:23,0
DA:24,0
DA:29,0
DA:33,0
DA:34,0
DA:35,0
DA:37,0
DA:38,0
DA:40,0
DA:45,0
DA:49,0
DA:51,0
DA:52,0
DA:55,0
DA:56,0
DA:61,0
DA:66,0
DA:77,0
DA:78,0
DA:79,0
DA:88,0
DA:90,0
DA:100,0
DA:101,0
DA:108,0
DA:109,0
LF:35
LH:0
BRDA:7,0,0,0
BRDA:7,0,1,0
BRDA:8,1,0,0
BRDA:8,1,1,0
BRDA:37,2,0,0
BRDA:51,3,0,0
BRDA:55,4,0,0
BRDA:78,5,0,0
BRDA:108,6,0,0
BRF:9
BRH:0
end_of_record
TN:
SF:lib\auth\2fa.ts
FN:10,generateTwoFactorSecret
FN:42,verifyAndEnable2FA
FN:77,verify2FAToken
FN:96,generateBackupCodes
FN:97,(anonymous_11)
FN:103,(anonymous_12)
FN:119,verifyBackupCode
FN:140,(anonymous_14)
FN:151,disable2FA
FNF:9
FNH:0
FNDA:0,generateTwoFactorSecret
FNDA:0,verifyAndEnable2FA
FNDA:0,verify2FAToken
FNDA:0,generateBackupCodes
FNDA:0,(anonymous_11)
FNDA:0,(anonymous_12)
FNDA:0,verifyBackupCode
FNDA:0,(anonymous_14)
FNDA:0,disable2FA
DA:1,0
DA:2,0
DA:3,0
DA:10,0
DA:11,0
DA:12,0
DA:17,0
DA:18,0
DA:21,0
DA:28,0
DA:36,0
DA:42,0
DA:46,0
DA:51,0
DA:52,0
DA:55,0
DA:60,0
DA:61,0
DA:65,0
DA:74,0
DA:77,0
DA:81,0
DA:86,0
DA:87,0
DA:90,0
DA:96,0
DA:97,0
DA:98,0
DA:102,0
DA:104,0
DA:105,0
DA:109,0
DA:116,0
DA:119,0
DA:123,0
DA:128,0
DA:129,0
DA:133,0
DA:134,0
DA:136,0
DA:140,0
DA:144,0
DA:148,0
DA:151,0
DA:152,0
LF:45
LH:0
BRDA:17,0,0,0
BRDA:51,1,0,0
BRDA:60,2,0,0
BRDA:86,3,0,0
BRDA:128,4,0,0
BRDA:134,5,0,0
BRF:6
BRH:0
end_of_record
TN:
SF:lib\auth\password.ts
FN:31,validatePassword
FN:72,updatePassword
FN:112,verifyPassword
FN:128,generatePasswordResetToken
FN:145,verifyPasswordResetToken
FN:168,clearPasswordResetToken
FNF:6
FNH:0
FNDA:0,validatePassword
FNDA:0,updatePassword
FNDA:0,verifyPassword
FNDA:0,generatePasswordResetToken
FNDA:0,verifyPasswordResetToken
FNDA:0,clearPasswordResetToken
DA:1,0
DA:2,0
DA:3,0
DA:4,0
DA:7,0
DA:17,0
DA:31,0
DA:36,0
DA:39,0
DA:47,0
DA:48,0
DA:52,0
DA:53,0
DA:56,0
DA:57,0
DA:61,0
DA:62,0
DA:63,0
DA:72,0
DA:77,0
DA:80,0
DA:83,0
DA:91,0
DA:92,0
DA:96,0
DA:97,0
DA:103,0
DA:112,0
DA:116,0
DA:121,0
DA:122,0
DA:125,0
DA:128,0
DA:131,0
DA:132,0
DA:134,0
DA:142,0
DA:145,0
DA:149,0
DA:157,0
DA:158,0
DA:161,0
DA:162,0
DA:165,0
DA:168,0
DA:169,0
LF:46
LH:0
BRDA:47,0,0,0
BRDA:52,1,0,0
BRDA:52,1,1,0
BRDA:56,2,0,0
BRDA:56,3,0,0
BRDA:56,3,1,0
BRDA:62,4,0,0
BRDA:91,5,0,0
BRDA:96,6,0,0
BRDA:96,6,1,0
BRDA:121,7,0,0
BRDA:157,8,0,0
BRDA:157,9,0,0
BRDA:157,9,1,0
BRDA:161,10,0,0
BRF:15
BRH:0
end_of_record
TN:
SF:lib\auth\rate-limit.ts
FN:53,checkRateLimit
FN:70,trackFailedAttempt
FN:83,isIPBlocked
FN:88,resetFailedAttempts
FN:94,requireRateLimit
FN:110,withRateLimit
FN:111,rateLimitMiddleware
FNF:7
FNH:0
FNDA:0,checkRateLimit
FNDA:0,trackFailedAttempt
FNDA:0,isIPBlocked
FNDA:0,resetFailedAttempts
FNDA:0,requireRateLimit
FNDA:0,withRateLimit
FNDA:0,rateLimitMiddleware
DA:1,0
DA:2,0
DA:4,0
DA:7,0
DA:13,0
DA:50,0
DA:51,0
DA:53,0
DA:57,0
DA:58,0
DA:60,0
DA:61,0
DA:65,0
DA:66,0
DA:67,0
DA:70,0
DA:71,0
DA:72,0
DA:74,0
DA:75,0
DA:78,0
DA:79,0
DA:83,0
DA:84,0
DA:85,0
DA:88,0
DA:89,0
DA:90,0
DA:94,0
DA:98,0
DA:101,0
DA:102,0
DA:106,0
DA:110,0
DA:111,0
DA:115,0
DA:116,0
LF:37
LH:0
BRDA:57,0,0,0
BRDA:57,0,1,0
BRDA:60,1,0,0
BRDA:74,2,0,0
BRDA:78,3,0,0
BRDA:98,4,0,0
BRDA:98,4,1,0
BRDA:101,5,0,0
BRF:8
BRH:0
end_of_record
TN:
SF:lib\auth\session.ts
FN:14,createSession
FN:32,updateSession
FN:47,getActiveSessions
FN:56,(anonymous_12)
FN:65,revokeSession
FN:85,revokeAllSessions
FN:91,validateSession
FN:110,cleanupExpiredSessions
FN:119,requireValidSession
FNF:9
FNH:0
FNDA:0,createSession
FNDA:0,updateSession
FNDA:0,getActiveSessions
FNDA:0,(anonymous_12)
FNDA:0,revokeSession
FNDA:0,revokeAllSessions
FNDA:0,validateSession
FNDA:0,cleanupExpiredSessions
FNDA:0,requireValidSession
DA:1,0
DA:2,0
DA:3,0
DA:14,0
DA:18,0
DA:19,0
DA:21,0
DA:32,0
DA:36,0
DA:38,0
DA:47,0
DA:48,0
DA:56,0
DA:65,0
DA:69,0
DA:76,0
DA:77,0
DA:80,0
DA:85,0
DA:86,0
DA:91,0
DA:94,0
DA:95,0
DA:97,0
DA:104,0
DA:106,0
DA:107,0
DA:110,0
DA:111,0
DA:119,0
DA:122,0
DA:123,0
DA:124,0
LF:33
LH:0
BRDA:18,0,0,0
BRDA:18,0,1,0
BRDA:19,1,0,0
BRDA:19,1,1,0
BRDA:19,1,2,0
BRDA:36,2,0,0
BRDA:36,2,1,0
BRDA:36,2,2,0
BRDA:76,3,0,0
BRDA:95,4,0,0
BRDA:104,5,0,0
BRDA:123,6,0,0
BRF:12
BRH:0
end_of_record
TN:
SF:lib\security\alerts.ts
FN:38,checkAndSendAlerts
FN:77,sendAlert
FN:92,(anonymous_5)
FNF:3
FNH:1
FNDA:1,checkAndSendAlerts
FNDA:0,sendAlert
FNDA:0,(anonymous_5)
DA:1,1
DA:2,1
DA:4,1
DA:6,1
DA:15,1
DA:36,1
DA:38,1
DA:39,1
DA:40,1
DA:42,1
DA:43,1
DA:45,1
DA:55,1
DA:56,0
DA:75,0
DA:83,0
DA:85,0
DA:91,0
DA:93,0
DA:110,0
DA:124,0
LF:21
LH:13
BRDA:39,0,0,1
BRDA:39,0,1,0
BRDA:55,1,0,0
BRF:3
BRH:1
end_of_record
TN:
SF:lib\security\headers.ts
FN:60,generateCSPHeader
FN:62,(anonymous_6)
FN:70,addSecurityHeaders
FN:74,(anonymous_8)
FN:90,withSecurityHeaders
FN:93,(anonymous_10)
FN:106,addDevSecurityHeaders
FN:109,(anonymous_12)
FNF:8
FNH:0
FNDA:0,generateCSPHeader
FNDA:0,(anonymous_6)
FNDA:0,addSecurityHeaders
FNDA:0,(anonymous_8)
FNDA:0,withSecurityHeaders
FNDA:0,(anonymous_10)
FNDA:0,addDevSecurityHeaders
FNDA:0,(anonymous_12)
DA:4,0
DA:26,0
DA:61,0
DA:63,0
DA:64,0
DA:70,0
DA:71,0
DA:74,0
DA:75,0
DA:79,0
DA:82,0
DA:90,0
DA:93,0
DA:94,0
DA:95,0
DA:100,0
DA:106,0
DA:107,0
DA:109,0
DA:110,0
DA:113,0
LF:21
LH:0
BRDA:63,0,0,0
BRF:1
BRH:0
end_of_record
TN:
SF:lib\security\logging.ts
FN:6,(anonymous_6)
FN:27,logSecurityEvent
FN:47,checkSuspiciousActivity
FN:61,(anonymous_9)
FN:78,(anonymous_10)
FN:94,getSecurityEvents
FN:111,getSuspiciousActivity
FN:128,logRequest
FNF:8
FNH:3
FNDA:1,(anonymous_6)
FNDA:1,logSecurityEvent
FNDA:1,checkSuspiciousActivity
FNDA:0,(anonymous_9)
FNDA:0,(anonymous_10)
FNDA:0,getSecurityEvents
FNDA:0,getSuspiciousActivity
FNDA:0,logRequest
DA:1,1
DA:3,1
DA:4,1
DA:6,1
DA:27,1
DA:28,1
DA:29,1
DA:30,1
DA:38,1
DA:41,0
DA:43,1
DA:48,1
DA:60,1
DA:61,0
DA:64,0
DA:65,0
DA:77,0
DA:78,0
DA:81,0
DA:82,0
DA:94,0
DA:98,0
DA:99,0
DA:100,0
DA:105,0
DA:107,0
DA:111,0
DA:115,0
DA:128,0
DA:129,0
DA:130,0
DA:132,0
LF:32
LH:12
BRDA:6,0,0,1
BRDA:6,0,1,1
BRDA:64,1,0,0
BRDA:81,2,0,0
BRDA:95,3,0,0
BRDA:96,4,0,0
BRDA:129,5,0,0
BRDA:129,5,1,0
BRDA:129,5,2,0
BRDA:130,6,0,0
BRDA:130,6,1,0
BRF:11
BRH:2
end_of_record
TN:
SF:lib\security\reports.ts
FN:23,generateDailyReport
FN:34,generateWeeklyReport
FN:45,generateReport
FN:63,(anonymous_7)
FN:67,(anonymous_8)
FN:72,(anonymous_9)
FN:74,(anonymous_10)
FN:75,(anonymous_11)
FN:77,(anonymous_12)
FN:78,(anonymous_13)
FN:89,sendSecurityReport
FN:95,(anonymous_15)
FN:108,(anonymous_16)
FN:115,(anonymous_17)
FN:128,(anonymous_18)
FNF:15
FNH:2
FNDA:1,generateDailyReport
FNDA:0,generateWeeklyReport
FNDA:1,generateReport
FNDA:0,(anonymous_7)
FNDA:0,(anonymous_8)
FNDA:0,(anonymous_9)
FNDA:0,(anonymous_10)
FNDA:0,(anonymous_11)
FNDA:0,(anonymous_12)
FNDA:0,(anonymous_13)
FNDA:0,sendSecurityReport
FNDA:0,(anonymous_15)
FNDA:0,(anonymous_16)
FNDA:0,(anonymous_17)
FNDA:0,(anonymous_18)
DA:1,1
DA:2,1
DA:3,1
DA:5,1
DA:23,1
DA:24,1
DA:25,1
DA:26,1
DA:28,1
DA:29,1
DA:31,1
DA:34,0
DA:35,0
DA:36,0
DA:37,0
DA:39,0
DA:40,0
DA:42,0
DA:50,1
DA:60,1
DA:64,0
DA:65,0
DA:68,0
DA:69,0
DA:72,0
DA:74,0
DA:75,0
DA:77,0
DA:78,0
DA:86,0
DA:89,0
DA:93,0
DA:94,0
DA:96,0
DA:108,0
DA:115,0
DA:128,0
DA:146,0
LF:38
LH:13
BRDA:64,0,0,0
BRDA:64,0,1,0
BRDA:68,1,0,0
BRDA:68,1,1,0
BRDA:123,2,0,0
BRDA:123,2,1,0
BRF:6
BRH:0
end_of_record
TN:
SF:lib\security\types.ts
FN:1,(anonymous_1)
FNF:1
FNH:1
FNDA:1,(anonymous_1)
DA:1,1
LF:1
LH:1
BRDA:1,0,0,1
BRDA:1,0,1,1
BRF:2
BRH:2
end_of_record
